{"numTotalTestSuites":398,"numPassedTestSuites":354,"numFailedTestSuites":44,"numPendingTestSuites":0,"numTotalTests":1035,"numPassedTests":878,"numFailedTests":69,"numPendingTests":88,"numTodoTests":0,"snapshot":{"added":0,"failure":false,"filesAdded":0,"filesRemoved":0,"filesRemovedList":[],"filesUnmatched":0,"filesUpdated":0,"matched":0,"total":0,"unchecked":0,"uncheckedKeysByFile":[],"unmatched":0,"updated":0,"didUpdate":false},"startTime":1757647112758,"success":false,"testResults":[{"assertionResults":[{"ancestorTitles":["API Service"],"fullName":"API Service should be defined","status":"passed","title":"should be defined","duration":0.8017080000000192,"failureMessages":[],"meta":{}},{"ancestorTitles":["API Service","Health Check"],"fullName":"API Service Health Check should return healthy status","status":"skipped","title":"should return healthy status","failureMessages":[],"meta":{}},{"ancestorTitles":["API Service","Device Registration"],"fullName":"API Service Device Registration should register a new device","status":"passed","title":"should register a new device","duration":0.1958750000000009,"failureMessages":[],"meta":{}},{"ancestorTitles":["API Service","Device Registration"],"fullName":"API Service Device Registration should reject invalid device registration","status":"passed","title":"should reject invalid device registration","duration":0.2619579999999928,"failureMessages":[],"meta":{}},{"ancestorTitles":["API Service","Authentication"],"fullName":"API Service Authentication should authenticate valid user","status":"passed","title":"should authenticate valid user","duration":0.14833300000003646,"failureMessages":[],"meta":{}},{"ancestorTitles":["API Service","Authentication"],"fullName":"API Service Authentication should reject invalid credentials","status":"passed","title":"should reject invalid credentials","duration":0.14383399999996982,"failureMessages":[],"meta":{}}],"startTime":1757647114511,"endTime":1757647114512.262,"status":"passed","message":"","name":"/Users/jayakin/zen-support/packages/api/src/index.test.ts"},{"assertionResults":[{"ancestorTitles":["Server","createApp"],"fullName":"Server createApp should create a Fastify instance with correct configuration","status":"skipped","title":"should create a Fastify instance with correct configuration","failureMessages":[],"meta":{}},{"ancestorTitles":["Server","createApp"],"fullName":"Server createApp should register health routes","status":"skipped","title":"should register health routes","failureMessages":[],"meta":{}},{"ancestorTitles":["Server","createApp"],"fullName":"Server createApp should configure proper timeouts for ALB compatibility","status":"skipped","title":"should configure proper timeouts for ALB compatibility","failureMessages":[],"meta":{}},{"ancestorTitles":["Server","createApp"],"fullName":"Server createApp should enable request ID generation and tracking","status":"skipped","title":"should enable request ID generation and tracking","failureMessages":[],"meta":{}},{"ancestorTitles":["Server","createApp"],"fullName":"Server createApp should preserve client-provided request ID","status":"skipped","title":"should preserve client-provided request ID","failureMessages":[],"meta":{}},{"ancestorTitles":["Server","startServer"],"fullName":"Server startServer should start server on configured port","status":"skipped","title":"should start server on configured port","failureMessages":[],"meta":{}},{"ancestorTitles":["Server","startServer"],"fullName":"Server startServer should handle listen errors","status":"skipped","title":"should handle listen errors","failureMessages":[],"meta":{}},{"ancestorTitles":["Server","gracefulShutdown"],"fullName":"Server gracefulShutdown should close server connections gracefully","status":"skipped","title":"should close server connections gracefully","failureMessages":[],"meta":{}},{"ancestorTitles":["Server","gracefulShutdown"],"fullName":"Server gracefulShutdown should wait for pending requests to complete","status":"skipped","title":"should wait for pending requests to complete","failureMessages":[],"meta":{}},{"ancestorTitles":["Server","gracefulShutdown"],"fullName":"Server gracefulShutdown should handle close errors gracefully","status":"skipped","title":"should handle close errors gracefully","failureMessages":[],"meta":{}},{"ancestorTitles":["Server","Signal handlers"],"fullName":"Server Signal handlers should register SIGTERM handler for graceful shutdown","status":"passed","title":"should register SIGTERM handler for graceful shutdown","duration":0.9230839999999603,"failureMessages":[],"meta":{}},{"ancestorTitles":["Server","Signal handlers"],"fullName":"Server Signal handlers should register SIGINT handler for graceful shutdown","status":"passed","title":"should register SIGINT handler for graceful shutdown","duration":0.23799999999999955,"failureMessages":[],"meta":{}}],"startTime":1757647113827,"endTime":1757647113828.238,"status":"passed","message":"","name":"/Users/jayakin/zen-support/packages/api/src/server.test.ts"},{"assertionResults":[{"ancestorTitles":["Multi-Device-Agent Orchestrator","Docker Compose Configuration"],"fullName":"Multi-Device-Agent Orchestrator Docker Compose Configuration should have a valid multi-agent Docker Compose file","status":"passed","title":"should have a valid multi-agent Docker Compose file","duration":4.654167000000001,"failureMessages":[],"meta":{}},{"ancestorTitles":["Multi-Device-Agent Orchestrator","Docker Compose Configuration"],"fullName":"Multi-Device-Agent Orchestrator Docker Compose Configuration should define multiple device agent services","status":"passed","title":"should define multiple device agent services","duration":0.8017499999999984,"failureMessages":[],"meta":{}},{"ancestorTitles":["Multi-Device-Agent Orchestrator","Docker Compose Configuration"],"fullName":"Multi-Device-Agent Orchestrator Docker Compose Configuration should have unique device IDs for each agent","status":"passed","title":"should have unique device IDs for each agent","duration":0.26824999999999477,"failureMessages":[],"meta":{}},{"ancestorTitles":["Multi-Device-Agent Orchestrator","Docker Compose Configuration"],"fullName":"Multi-Device-Agent Orchestrator Docker Compose Configuration should configure network isolation between agents","status":"passed","title":"should configure network isolation between agents","duration":0.29241700000000037,"failureMessages":[],"meta":{}},{"ancestorTitles":["Multi-Device-Agent Orchestrator","Docker Compose Configuration"],"fullName":"Multi-Device-Agent Orchestrator Docker Compose Configuration should have centralized logging configuration","status":"passed","title":"should have centralized logging configuration","duration":0.2348750000000166,"failureMessages":[],"meta":{}},{"ancestorTitles":["Multi-Device-Agent Orchestrator","Docker Compose Configuration"],"fullName":"Multi-Device-Agent Orchestrator Docker Compose Configuration should configure health checks for each agent","status":"passed","title":"should configure health checks for each agent","duration":0.3256670000000099,"failureMessages":[],"meta":{}},{"ancestorTitles":["Multi-Device-Agent Orchestrator","Device ID Generation"],"fullName":"Multi-Device-Agent Orchestrator Device ID Generation should generate unique device IDs based on container environment","status":"passed","title":"should generate unique device IDs based on container environment","duration":0.7494999999999834,"failureMessages":[],"meta":{}},{"ancestorTitles":["Multi-Device-Agent Orchestrator","Device ID Generation"],"fullName":"Multi-Device-Agent Orchestrator Device ID Generation should support environment variable templating for device IDs","status":"passed","title":"should support environment variable templating for device IDs","duration":0.1633329999999944,"failureMessages":[],"meta":{}},{"ancestorTitles":["Multi-Device-Agent Orchestrator","Container Orchestration"],"fullName":"Multi-Device-Agent Orchestrator Container Orchestration should start multiple agents successfully","status":"passed","title":"should start multiple agents successfully","duration":0.40175000000002115,"failureMessages":[],"meta":{}},{"ancestorTitles":["Multi-Device-Agent Orchestrator","Container Orchestration"],"fullName":"Multi-Device-Agent Orchestrator Container Orchestration should handle concurrent diagnostic requests across agents","status":"passed","title":"should handle concurrent diagnostic requests across agents","duration":93.88720899999998,"failureMessages":[],"meta":{}},{"ancestorTitles":["Multi-Device-Agent Orchestrator","Container Orchestration"],"fullName":"Multi-Device-Agent Orchestrator Container Orchestration should handle agent failures gracefully","status":"passed","title":"should handle agent failures gracefully","duration":0.19087500000000546,"failureMessages":[],"meta":{}},{"ancestorTitles":["Multi-Device-Agent Orchestrator","Development Scripts"],"fullName":"Multi-Device-Agent Orchestrator Development Scripts should have a script to start all agents","status":"passed","title":"should have a script to start all agents","duration":0.2970839999999839,"failureMessages":[],"meta":{}},{"ancestorTitles":["Multi-Device-Agent Orchestrator","Development Scripts"],"fullName":"Multi-Device-Agent Orchestrator Development Scripts should have a script to stop all agents","status":"passed","title":"should have a script to stop all agents","duration":0.25866600000000517,"failureMessages":[],"meta":{}},{"ancestorTitles":["Multi-Device-Agent Orchestrator","Development Scripts"],"fullName":"Multi-Device-Agent Orchestrator Development Scripts should have a script to view agent logs","status":"passed","title":"should have a script to view agent logs","duration":0.20604100000002745,"failureMessages":[],"meta":{}},{"ancestorTitles":["Multi-Device-Agent Orchestrator","Development Scripts"],"fullName":"Multi-Device-Agent Orchestrator Development Scripts should have a script to scale agents up or down","status":"passed","title":"should have a script to scale agents up or down","duration":0.23674999999997226,"failureMessages":[],"meta":{}},{"ancestorTitles":["Multi-Device-Agent Orchestrator","Integration Tests"],"fullName":"Multi-Device-Agent Orchestrator Integration Tests should successfully run all components together","status":"passed","title":"should successfully run all components together","duration":0.1525829999999928,"failureMessages":[],"meta":{}},{"ancestorTitles":["Multi-Device-Agent Orchestrator","Integration Tests"],"fullName":"Multi-Device-Agent Orchestrator Integration Tests should handle API communication from multiple agents","status":"passed","title":"should handle API communication from multiple agents","duration":0.4631249999999909,"failureMessages":[],"meta":{}},{"ancestorTitles":["Multi-Device-Agent Orchestrator","Integration Tests"],"fullName":"Multi-Device-Agent Orchestrator Integration Tests should maintain data consistency across multiple agents","status":"passed","title":"should maintain data consistency across multiple agents","duration":0.16091599999998607,"failureMessages":[],"meta":{}}],"startTime":1757647113773,"endTime":1757647113877.4631,"status":"passed","message":"","name":"/Users/jayakin/zen-support/packages/device-agent/src/multi-agent-orchestrator.test.ts"},{"assertionResults":[{"ancestorTitles":["DeviceAgent","initialization"],"fullName":"DeviceAgent initialization should create a new DeviceAgent instance with valid config","status":"passed","title":"should create a new DeviceAgent instance with valid config","duration":1.9358749999999532,"failureMessages":[],"meta":{}},{"ancestorTitles":["DeviceAgent","initialization"],"fullName":"DeviceAgent initialization should throw error when required config fields are missing","status":"passed","title":"should throw error when required config fields are missing","duration":0.6924159999999802,"failureMessages":[],"meta":{}},{"ancestorTitles":["DeviceAgent","initialization"],"fullName":"DeviceAgent initialization should validate API URL format","status":"passed","title":"should validate API URL format","duration":0.338292000000024,"failureMessages":[],"meta":{}},{"ancestorTitles":["DeviceAgent","initialization"],"fullName":"DeviceAgent initialization should set default heartbeat interval if not provided","status":"passed","title":"should set default heartbeat interval if not provided","duration":0.26429200000001174,"failureMessages":[],"meta":{}},{"ancestorTitles":["DeviceAgent","initialization"],"fullName":"DeviceAgent initialization should validate heartbeat interval is positive","status":"passed","title":"should validate heartbeat interval is positive","duration":0.2949579999999514,"failureMessages":[],"meta":{}},{"ancestorTitles":["DeviceAgent","lifecycle management"],"fullName":"DeviceAgent lifecycle management should start and transition to running state","status":"passed","title":"should start and transition to running state","duration":10507.375624999999,"failureMessages":[],"meta":{}},{"ancestorTitles":["DeviceAgent","lifecycle management"],"fullName":"DeviceAgent lifecycle management should stop and transition to stopped state","status":"passed","title":"should stop and transition to stopped state","duration":10425.190458000001,"failureMessages":[],"meta":{}},{"ancestorTitles":["DeviceAgent","lifecycle management"],"fullName":"DeviceAgent lifecycle management should handle graceful shutdown","status":"passed","title":"should handle graceful shutdown","duration":10440.240582999999,"failureMessages":[],"meta":{}},{"ancestorTitles":["DeviceAgent","lifecycle management"],"fullName":"DeviceAgent lifecycle management should not start if already running","status":"passed","title":"should not start if already running","duration":10450.046041000001,"failureMessages":[],"meta":{}},{"ancestorTitles":["DeviceAgent","lifecycle management"],"fullName":"DeviceAgent lifecycle management should not stop if not running","status":"passed","title":"should not stop if not running","duration":0.8273330000010901,"failureMessages":[],"meta":{}},{"ancestorTitles":["DeviceAgent","lifecycle management"],"fullName":"DeviceAgent lifecycle management should handle start failures gracefully","status":"passed","title":"should handle start failures gracefully","duration":0.9587499999979627,"failureMessages":[],"meta":{}},{"ancestorTitles":["DeviceAgent","registration"],"fullName":"DeviceAgent registration should register with API on start","status":"passed","title":"should register with API on start","duration":10442.128749999996,"failureMessages":[],"meta":{}},{"ancestorTitles":["DeviceAgent","registration"],"fullName":"DeviceAgent registration should store authentication token after registration","status":"passed","title":"should store authentication token after registration","duration":10455.013167000005,"failureMessages":[],"meta":{}},{"ancestorTitles":["DeviceAgent","registration"],"fullName":"DeviceAgent registration should handle registration failures","status":"passed","title":"should handle registration failures","duration":1.3760000000038417,"failureMessages":[],"meta":{}},{"ancestorTitles":["DeviceAgent","registration"],"fullName":"DeviceAgent registration should retry registration on failure","status":"passed","title":"should retry registration on failure","duration":10466.084250000007,"failureMessages":[],"meta":{}},{"ancestorTitles":["DeviceAgent","heartbeat mechanism"],"fullName":"DeviceAgent heartbeat mechanism should update heartbeat interval from server response","status":"passed","title":"should update heartbeat interval from server response","duration":10463.052167000002,"failureMessages":[],"meta":{}},{"ancestorTitles":["DeviceAgent","heartbeat mechanism"],"fullName":"DeviceAgent heartbeat mechanism should re-authenticate on 401 error during heartbeat","status":"passed","title":"should re-authenticate on 401 error during heartbeat","duration":10484.972666999995,"failureMessages":[],"meta":{}},{"ancestorTitles":["DeviceAgent","heartbeat mechanism"],"fullName":"DeviceAgent heartbeat mechanism should emit auth:failed event when re-authentication fails","status":"passed","title":"should emit auth:failed event when re-authentication fails","duration":10465.708833000012,"failureMessages":[],"meta":{}},{"ancestorTitles":["DeviceAgent","heartbeat mechanism"],"fullName":"DeviceAgent heartbeat mechanism should handle non-401 errors normally","status":"passed","title":"should handle non-401 errors normally","duration":10418.264041999995,"failureMessages":[],"meta":{}},{"ancestorTitles":["DeviceAgent","error handling"],"fullName":"DeviceAgent error handling should emit error events","status":"passed","title":"should emit error events","duration":0.43833299999823794,"failureMessages":[],"meta":{}},{"ancestorTitles":["DeviceAgent","error handling"],"fullName":"DeviceAgent error handling should transition to error state on critical failures","status":"passed","title":"should transition to error state on critical failures","duration":0.41954099999566097,"failureMessages":[],"meta":{}},{"ancestorTitles":["DeviceAgent","error handling"],"fullName":"DeviceAgent error handling should attempt recovery from error state","status":"passed","title":"should attempt recovery from error state","duration":10421.335250000004,"failureMessages":[],"meta":{}},{"ancestorTitles":["DeviceAgent","health check"],"fullName":"DeviceAgent health check should report healthy status when running","status":"passed","title":"should report healthy status when running","duration":10430.98879100001,"failureMessages":[],"meta":{}},{"ancestorTitles":["DeviceAgent","health check"],"fullName":"DeviceAgent health check should report unhealthy status when in error state","status":"passed","title":"should report unhealthy status when in error state","duration":0.42008300000452437,"failureMessages":[],"meta":{}},{"ancestorTitles":["DeviceAgent","health check"],"fullName":"DeviceAgent health check should track heartbeat statistics","status":"passed","title":"should track heartbeat statistics","duration":10446.59354100001,"failureMessages":[],"meta":{}},{"ancestorTitles":["DeviceAgent","health check"],"fullName":"DeviceAgent health check should preserve specific error context in health status","status":"passed","title":"should preserve specific error context in health status","duration":2.2947909999929834,"failureMessages":[],"meta":{}}],"startTime":1757647113301,"endTime":1757647259630.2947,"status":"passed","message":"","name":"/Users/jayakin/zen-support/packages/device-agent/test/device-agent.test.ts"},{"assertionResults":[{"ancestorTitles":["Customer Authentication Middleware","Token Validation"],"fullName":"Customer Authentication Middleware Token Validation should reject request without authorization header","status":"passed","title":"should reject request without authorization header","duration":5.56533300000001,"failureMessages":[],"meta":{}},{"ancestorTitles":["Customer Authentication Middleware","Token Validation"],"fullName":"Customer Authentication Middleware Token Validation should reject request with invalid authorization format","status":"passed","title":"should reject request with invalid authorization format","duration":0.6910829999999919,"failureMessages":[],"meta":{}},{"ancestorTitles":["Customer Authentication Middleware","Token Validation"],"fullName":"Customer Authentication Middleware Token Validation should reject request with only \"Bearer\" without token","status":"passed","title":"should reject request with only \"Bearer\" without token","duration":0.4493750000000034,"failureMessages":[],"meta":{}},{"ancestorTitles":["Customer Authentication Middleware","Token Validation"],"fullName":"Customer Authentication Middleware Token Validation should reject request with invalid JWT token","status":"passed","title":"should reject request with invalid JWT token","duration":0.4394589999999994,"failureMessages":[],"meta":{}},{"ancestorTitles":["Customer Authentication Middleware","Token Validation"],"fullName":"Customer Authentication Middleware Token Validation should reject request with expired JWT token","status":"passed","title":"should reject request with expired JWT token","duration":0.8018749999999955,"failureMessages":[],"meta":{}},{"ancestorTitles":["Customer Authentication Middleware","Successful Authentication"],"fullName":"Customer Authentication Middleware Successful Authentication should accept valid JWT and attach customer info to request","status":"passed","title":"should accept valid JWT and attach customer info to request","duration":0.6219580000000065,"failureMessages":[],"meta":{}},{"ancestorTitles":["Customer Authentication Middleware","Successful Authentication"],"fullName":"Customer Authentication Middleware Successful Authentication should handle user without email","status":"passed","title":"should handle user without email","duration":0.39345800000000963,"failureMessages":[],"meta":{}},{"ancestorTitles":["Customer Authentication Middleware","Error Handling"],"fullName":"Customer Authentication Middleware Error Handling should reject when user not found in customer database","status":"passed","title":"should reject when user not found in customer database","duration":0.3624159999999961,"failureMessages":[],"meta":{}},{"ancestorTitles":["Customer Authentication Middleware","Error Handling"],"fullName":"Customer Authentication Middleware Error Handling should handle Supabase service errors","status":"passed","title":"should handle Supabase service errors","duration":1.122208999999998,"failureMessages":[],"meta":{}},{"ancestorTitles":["Customer Authentication Middleware","Error Handling"],"fullName":"Customer Authentication Middleware Error Handling should handle non-string authorization headers","status":"passed","title":"should handle non-string authorization headers","duration":1.0887920000000122,"failureMessages":[],"meta":{}},{"ancestorTitles":["Customer Authentication Middleware","JWT Claims Extraction"],"fullName":"Customer Authentication Middleware JWT Claims Extraction should extract customer ID from JWT claims","status":"passed","title":"should extract customer ID from JWT claims","duration":2.7947089999999832,"failureMessages":[],"meta":{}},{"ancestorTitles":["Customer Authentication Middleware","JWT Claims Extraction"],"fullName":"Customer Authentication Middleware JWT Claims Extraction should handle multiple authorization header formats","status":"passed","title":"should handle multiple authorization header formats","duration":0.5177920000000142,"failureMessages":[],"meta":{}}],"startTime":1757647114114,"endTime":1757647114129.5178,"status":"passed","message":"","name":"/Users/jayakin/zen-support/packages/api/src/middleware/customer-auth.middleware.test.ts"},{"assertionResults":[{"ancestorTitles":["Device Authentication Middleware","deviceAuthMiddleware"],"fullName":"Device Authentication Middleware deviceAuthMiddleware should pass through with valid X-Device-Token header","status":"passed","title":"should pass through with valid X-Device-Token header","duration":16.606207999999924,"failureMessages":[],"meta":{}},{"ancestorTitles":["Device Authentication Middleware","deviceAuthMiddleware"],"fullName":"Device Authentication Middleware deviceAuthMiddleware should pass through with valid Bearer token in Authorization header","status":"passed","title":"should pass through with valid Bearer token in Authorization header","duration":1.984833999999978,"failureMessages":[],"meta":{}},{"ancestorTitles":["Device Authentication Middleware","deviceAuthMiddleware"],"fullName":"Device Authentication Middleware deviceAuthMiddleware should reject with 401 for invalid token","status":"passed","title":"should reject with 401 for invalid token","duration":1.2085419999999658,"failureMessages":[],"meta":{}},{"ancestorTitles":["Device Authentication Middleware","deviceAuthMiddleware"],"fullName":"Device Authentication Middleware deviceAuthMiddleware should reject with 401 for missing authentication","status":"passed","title":"should reject with 401 for missing authentication","duration":7.621791999999914,"failureMessages":[],"meta":{}},{"ancestorTitles":["Device Authentication Middleware","deviceAuthMiddleware"],"fullName":"Device Authentication Middleware deviceAuthMiddleware should prefer X-Device-Token over Authorization header","status":"passed","title":"should prefer X-Device-Token over Authorization header","duration":1.3125420000000076,"failureMessages":[],"meta":{}},{"ancestorTitles":["Device Authentication Middleware","deviceAuthMiddleware"],"fullName":"Device Authentication Middleware deviceAuthMiddleware should handle malformed Authorization header","status":"passed","title":"should handle malformed Authorization header","duration":0.9955420000000004,"failureMessages":[],"meta":{}},{"ancestorTitles":["Device Authentication Middleware","deviceAuthMiddleware"],"fullName":"Device Authentication Middleware deviceAuthMiddleware should refresh session TTL on successful validation","status":"passed","title":"should refresh session TTL on successful validation","duration":0.8741250000000491,"failureMessages":[],"meta":{}},{"ancestorTitles":["Device Authentication Middleware","deviceAuthMiddleware"],"fullName":"Device Authentication Middleware deviceAuthMiddleware should handle session refresh failure gracefully","status":"passed","title":"should handle session refresh failure gracefully","duration":1.5830419999999776,"failureMessages":[],"meta":{}},{"ancestorTitles":["Device Authentication Middleware","deviceAuthMiddleware"],"fullName":"Device Authentication Middleware deviceAuthMiddleware should handle Redis connection errors","status":"passed","title":"should handle Redis connection errors","duration":1.0461669999999685,"failureMessages":[],"meta":{}},{"ancestorTitles":["Device Authentication Middleware","Integration with routes"],"fullName":"Device Authentication Middleware Integration with routes should protect routes with middleware","status":"passed","title":"should protect routes with middleware","duration":7.06675000000007,"failureMessages":[],"meta":{}},{"ancestorTitles":["Device Authentication Middleware","Integration with routes"],"fullName":"Device Authentication Middleware Integration with routes should block unauthorized access to protected routes","status":"passed","title":"should block unauthorized access to protected routes","duration":1.4724160000000666,"failureMessages":[],"meta":{}}],"startTime":1757647113340,"endTime":1757647113382.4724,"status":"passed","message":"","name":"/Users/jayakin/zen-support/packages/api/src/middleware/device-auth.middleware.test.ts"},{"assertionResults":[{"ancestorTitles":["Web Portal Authentication Middleware","Authentication"],"fullName":"Web Portal Authentication Middleware Authentication should reject requests without authorization header","status":"passed","title":"should reject requests without authorization header","duration":12.307541000000015,"failureMessages":[],"meta":{}},{"ancestorTitles":["Web Portal Authentication Middleware","Authentication"],"fullName":"Web Portal Authentication Middleware Authentication should reject requests with invalid token","status":"passed","title":"should reject requests with invalid token","duration":1.6749580000000037,"failureMessages":[],"meta":{}},{"ancestorTitles":["Web Portal Authentication Middleware","Authentication"],"fullName":"Web Portal Authentication Middleware Authentication should accept valid token and attach user data","status":"passed","title":"should accept valid token and attach user data","duration":1.4606249999999932,"failureMessages":[],"meta":{}},{"ancestorTitles":["Web Portal Authentication Middleware","Role-Based Access Control"],"fullName":"Web Portal Authentication Middleware Role-Based Access Control should allow owner role when owner is required","status":"passed","title":"should allow owner role when owner is required","duration":1.6070420000000354,"failureMessages":[],"meta":{}},{"ancestorTitles":["Web Portal Authentication Middleware","Role-Based Access Control"],"fullName":"Web Portal Authentication Middleware Role-Based Access Control should allow admin role when admin or owner is required","status":"passed","title":"should allow admin role when admin or owner is required","duration":1.4869169999999485,"failureMessages":[],"meta":{}},{"ancestorTitles":["Web Portal Authentication Middleware","Role-Based Access Control"],"fullName":"Web Portal Authentication Middleware Role-Based Access Control should reject viewer role when admin is required","status":"passed","title":"should reject viewer role when admin is required","duration":1.5119589999999903,"failureMessages":[],"meta":{}},{"ancestorTitles":["Web Portal Authentication Middleware","Role-Based Access Control"],"fullName":"Web Portal Authentication Middleware Role-Based Access Control should allow any authenticated user when no role is required","status":"passed","title":"should allow any authenticated user when no role is required","duration":1.210708000000011,"failureMessages":[],"meta":{}},{"ancestorTitles":["Web Portal Authentication Middleware","Error Handling"],"fullName":"Web Portal Authentication Middleware Error Handling should handle user without any customer association","status":"passed","title":"should handle user without any customer association","duration":1.147874999999999,"failureMessages":[],"meta":{}},{"ancestorTitles":["Web Portal Authentication Middleware","Error Handling"],"fullName":"Web Portal Authentication Middleware Error Handling should handle database errors gracefully","status":"passed","title":"should handle database errors gracefully","duration":1.1635410000000093,"failureMessages":[],"meta":{}},{"ancestorTitles":["Web Portal Authentication Middleware","Optional Authentication"],"fullName":"Web Portal Authentication Middleware Optional Authentication should create optional auth middleware variant","status":"passed","title":"should create optional auth middleware variant","duration":1.5488750000000095,"failureMessages":[],"meta":{}}],"startTime":1757647113821,"endTime":1757647113845.5488,"status":"passed","message":"","name":"/Users/jayakin/zen-support/packages/api/src/middleware/web-portal-auth.middleware.test.ts"},{"assertionResults":[{"ancestorTitles":["WebSocketConnectionManager","Connection Management"],"fullName":"WebSocketConnectionManager Connection Management should add a new connection","status":"passed","title":"should add a new connection","duration":2.1026669999999967,"failureMessages":[],"meta":{}},{"ancestorTitles":["WebSocketConnectionManager","Connection Management"],"fullName":"WebSocketConnectionManager Connection Management should remove a connection","status":"passed","title":"should remove a connection","duration":0.35145800000000804,"failureMessages":[],"meta":{}},{"ancestorTitles":["WebSocketConnectionManager","Connection Management"],"fullName":"WebSocketConnectionManager Connection Management should get all connections","status":"passed","title":"should get all connections","duration":0.3530410000000188,"failureMessages":[],"meta":{}},{"ancestorTitles":["WebSocketConnectionManager","Connection Management"],"fullName":"WebSocketConnectionManager Connection Management should get connections by type","status":"passed","title":"should get connections by type","duration":0.3307909999999765,"failureMessages":[],"meta":{}},{"ancestorTitles":["WebSocketConnectionManager","Connection Management"],"fullName":"WebSocketConnectionManager Connection Management should get connections by metadata property","status":"passed","title":"should get connections by metadata property","duration":0.2925830000000076,"failureMessages":[],"meta":{}},{"ancestorTitles":["WebSocketConnectionManager","Connection Management"],"fullName":"WebSocketConnectionManager Connection Management should update connection metadata","status":"passed","title":"should update connection metadata","duration":0.3155000000000143,"failureMessages":[],"meta":{}},{"ancestorTitles":["WebSocketConnectionManager","Connection Management"],"fullName":"WebSocketConnectionManager Connection Management should handle connection not found when updating","status":"passed","title":"should handle connection not found when updating","duration":0.23520800000000008,"failureMessages":[],"meta":{}},{"ancestorTitles":["WebSocketConnectionManager","Broadcast Operations"],"fullName":"WebSocketConnectionManager Broadcast Operations should broadcast to all connections","status":"passed","title":"should broadcast to all connections","duration":3.185292000000004,"failureMessages":[],"meta":{}},{"ancestorTitles":["WebSocketConnectionManager","Broadcast Operations"],"fullName":"WebSocketConnectionManager Broadcast Operations should broadcast to connections by type","status":"passed","title":"should broadcast to connections by type","duration":0.55925000000002,"failureMessages":[],"meta":{}},{"ancestorTitles":["WebSocketConnectionManager","Broadcast Operations"],"fullName":"WebSocketConnectionManager Broadcast Operations should broadcast to connections by customer ID","status":"passed","title":"should broadcast to connections by customer ID","duration":0.5019169999999917,"failureMessages":[],"meta":{}},{"ancestorTitles":["WebSocketConnectionManager","Broadcast Operations"],"fullName":"WebSocketConnectionManager Broadcast Operations should send to specific connection","status":"passed","title":"should send to specific connection","duration":0.7362499999999841,"failureMessages":[],"meta":{}},{"ancestorTitles":["WebSocketConnectionManager","Broadcast Operations"],"fullName":"WebSocketConnectionManager Broadcast Operations should handle send failure for closed connection","status":"passed","title":"should handle send failure for closed connection","duration":0.294166999999959,"failureMessages":[],"meta":{}},{"ancestorTitles":["WebSocketConnectionManager","Broadcast Operations"],"fullName":"WebSocketConnectionManager Broadcast Operations should handle send errors gracefully","status":"passed","title":"should handle send errors gracefully","duration":0.29212499999999864,"failureMessages":[],"meta":{}},{"ancestorTitles":["WebSocketConnectionManager","Heartbeat Management"],"fullName":"WebSocketConnectionManager Heartbeat Management should start heartbeat for all connections","status":"passed","title":"should start heartbeat for all connections","duration":1.7884579999999914,"failureMessages":[],"meta":{}},{"ancestorTitles":["WebSocketConnectionManager","Heartbeat Management"],"fullName":"WebSocketConnectionManager Heartbeat Management should stop heartbeat","status":"passed","title":"should stop heartbeat","duration":0.4903749999999718,"failureMessages":[],"meta":{}},{"ancestorTitles":["WebSocketConnectionManager","Heartbeat Management"],"fullName":"WebSocketConnectionManager Heartbeat Management should mark connections as alive on pong","status":"passed","title":"should mark connections as alive on pong","duration":0.3622090000000071,"failureMessages":[],"meta":{}},{"ancestorTitles":["WebSocketConnectionManager","Heartbeat Management"],"fullName":"WebSocketConnectionManager Heartbeat Management should terminate dead connections","status":"passed","title":"should terminate dead connections","duration":0.3901250000000118,"failureMessages":[],"meta":{}},{"ancestorTitles":["WebSocketConnectionManager","Graceful Shutdown"],"fullName":"WebSocketConnectionManager Graceful Shutdown should close all connections with proper code and message","status":"passed","title":"should close all connections with proper code and message","duration":0.4907079999999837,"failureMessages":[],"meta":{}},{"ancestorTitles":["WebSocketConnectionManager","Graceful Shutdown"],"fullName":"WebSocketConnectionManager Graceful Shutdown should handle close errors gracefully","status":"passed","title":"should handle close errors gracefully","duration":0.5993749999999523,"failureMessages":[],"meta":{}},{"ancestorTitles":["WebSocketConnectionManager","Graceful Shutdown"],"fullName":"WebSocketConnectionManager Graceful Shutdown should skip closing already closed connections","status":"passed","title":"should skip closing already closed connections","duration":0.313000000000045,"failureMessages":[],"meta":{}},{"ancestorTitles":["WebSocketConnectionManager","Statistics and Monitoring"],"fullName":"WebSocketConnectionManager Statistics and Monitoring should get connection count","status":"passed","title":"should get connection count","duration":0.3041249999999991,"failureMessages":[],"meta":{}},{"ancestorTitles":["WebSocketConnectionManager","Statistics and Monitoring"],"fullName":"WebSocketConnectionManager Statistics and Monitoring should get connection statistics","status":"passed","title":"should get connection statistics","duration":0.37716599999998834,"failureMessages":[],"meta":{}},{"ancestorTitles":["WebSocketConnectionManager","Statistics and Monitoring"],"fullName":"WebSocketConnectionManager Statistics and Monitoring should track connection duration","status":"passed","title":"should track connection duration","duration":101.371917,"failureMessages":[],"meta":{}}],"startTime":1757647113773,"endTime":1757647113889.3718,"status":"passed","message":"","name":"/Users/jayakin/zen-support/packages/api/src/services/websocket-connection-manager.test.ts"},{"assertionResults":[{"ancestorTitles":["Customer Device Routes","POST /api/v1/customer/devices/provision"],"fullName":"Customer Device Routes POST /api/v1/customer/devices/provision should provision a device with activation code","status":"passed","title":"should provision a device with activation code","duration":71.72695799999997,"failureMessages":[],"meta":{}},{"ancestorTitles":["Customer Device Routes","POST /api/v1/customer/devices/provision"],"fullName":"Customer Device Routes POST /api/v1/customer/devices/provision should provision device without name","status":"passed","title":"should provision device without name","duration":12.009249999999952,"failureMessages":[],"meta":{}},{"ancestorTitles":["Customer Device Routes","POST /api/v1/customer/devices/provision"],"fullName":"Customer Device Routes POST /api/v1/customer/devices/provision should reject request without authentication","status":"passed","title":"should reject request without authentication","duration":9.253583999999933,"failureMessages":[],"meta":{}},{"ancestorTitles":["Customer Device Routes","POST /api/v1/customer/devices/provision"],"fullName":"Customer Device Routes POST /api/v1/customer/devices/provision should handle activation code generation failure","status":"passed","title":"should handle activation code generation failure","duration":8.139667000000031,"failureMessages":[],"meta":{}},{"ancestorTitles":["Customer Device Routes","POST /api/v1/customer/devices/provision"],"fullName":"Customer Device Routes POST /api/v1/customer/devices/provision should validate required deviceId field","status":"passed","title":"should validate required deviceId field","duration":8.251833000000033,"failureMessages":[],"meta":{}},{"ancestorTitles":["Customer Device Routes","GET /api/v1/customer/devices"],"fullName":"Customer Device Routes GET /api/v1/customer/devices should list all customer devices","status":"failed","title":"should list all customer devices","duration":11.386541999999963,"failureMessages":["AssertionError: expected { id: 'device-001', …(2) } to match object { id: 'device-001', …(3) }\n    at Proxy.<anonymous> (file:///Users/jayakin/zen-support/node_modules/@vitest/expect/dist/index.js:1155:10)\n    at Proxy.<anonymous> (file:///Users/jayakin/zen-support/node_modules/@vitest/expect/dist/index.js:1029:14)\n    at Proxy.methodWrapper (file:///Users/jayakin/zen-support/node_modules/chai/index.js:1686:25)\n    at /Users/jayakin/zen-support/packages/api/src/routes/customer-devices.test.ts:279:31\n    at processTicksAndRejections (node:internal/process/task_queues:105:5)\n    at file:///Users/jayakin/zen-support/node_modules/@vitest/runner/dist/chunk-hooks.js:752:20"],"meta":{}},{"ancestorTitles":["Customer Device Routes","GET /api/v1/customer/devices"],"fullName":"Customer Device Routes GET /api/v1/customer/devices should return empty list when customer has no devices","status":"passed","title":"should return empty list when customer has no devices","duration":8.109291999999982,"failureMessages":[],"meta":{}},{"ancestorTitles":["Customer Device Routes","GET /api/v1/customer/devices"],"fullName":"Customer Device Routes GET /api/v1/customer/devices should reject unauthenticated requests","status":"passed","title":"should reject unauthenticated requests","duration":5.262207999999987,"failureMessages":[],"meta":{}},{"ancestorTitles":["Customer Device Routes","GET /api/v1/customer/devices"],"fullName":"Customer Device Routes GET /api/v1/customer/devices should handle database errors","status":"passed","title":"should handle database errors","duration":5.607124999999996,"failureMessages":[],"meta":{}},{"ancestorTitles":["Customer Device Routes","GET /api/v1/customer/devices/:id/status"],"fullName":"Customer Device Routes GET /api/v1/customer/devices/:id/status should return device status for owned device","status":"failed","title":"should return device status for owned device","duration":10.945709000000079,"failureMessages":["AssertionError: expected { id: 'device-001', …(2) } to match object { id: 'device-001', …(4) }\n    at Proxy.<anonymous> (file:///Users/jayakin/zen-support/node_modules/@vitest/expect/dist/index.js:1155:10)\n    at Proxy.<anonymous> (file:///Users/jayakin/zen-support/node_modules/@vitest/expect/dist/index.js:1029:14)\n    at Proxy.methodWrapper (file:///Users/jayakin/zen-support/node_modules/chai/index.js:1686:25)\n    at /Users/jayakin/zen-support/packages/api/src/routes/customer-devices.test.ts:431:27\n    at processTicksAndRejections (node:internal/process/task_queues:105:5)\n    at file:///Users/jayakin/zen-support/node_modules/@vitest/runner/dist/chunk-hooks.js:752:20"],"meta":{}},{"ancestorTitles":["Customer Device Routes","GET /api/v1/customer/devices/:id/status"],"fullName":"Customer Device Routes GET /api/v1/customer/devices/:id/status should return 404 for non-existent device","status":"passed","title":"should return 404 for non-existent device","duration":4.917749999999955,"failureMessages":[],"meta":{}},{"ancestorTitles":["Customer Device Routes","GET /api/v1/customer/devices/:id/status"],"fullName":"Customer Device Routes GET /api/v1/customer/devices/:id/status should return 403 for device not owned by customer","status":"passed","title":"should return 403 for device not owned by customer","duration":6.7361250000000155,"failureMessages":[],"meta":{}},{"ancestorTitles":["Customer Device Routes","GET /api/v1/customer/devices/:id/status"],"fullName":"Customer Device Routes GET /api/v1/customer/devices/:id/status should reject unauthenticated requests","status":"passed","title":"should reject unauthenticated requests","duration":5.409375000000068,"failureMessages":[],"meta":{}},{"ancestorTitles":["Customer Device Routes","GET /api/v1/customer/devices/:id/status"],"fullName":"Customer Device Routes GET /api/v1/customer/devices/:id/status should handle database errors","status":"passed","title":"should handle database errors","duration":7.203708000000006,"failureMessages":[],"meta":{}}],"startTime":1757647113325,"endTime":1757647113500.2036,"status":"failed","message":"","name":"/Users/jayakin/zen-support/packages/api/src/routes/customer-devices.test.ts"},{"assertionResults":[{"ancestorTitles":["Customer Session Routes","POST /api/v1/customer/sessions"],"fullName":"Customer Session Routes POST /api/v1/customer/sessions should create a diagnostic session for owned device","status":"passed","title":"should create a diagnostic session for owned device","duration":56.52674999999999,"failureMessages":[],"meta":{}},{"ancestorTitles":["Customer Session Routes","POST /api/v1/customer/sessions"],"fullName":"Customer Session Routes POST /api/v1/customer/sessions should reject session creation for non-owned device","status":"passed","title":"should reject session creation for non-owned device","duration":14.913457999999991,"failureMessages":[],"meta":{}},{"ancestorTitles":["Customer Session Routes","POST /api/v1/customer/sessions"],"fullName":"Customer Session Routes POST /api/v1/customer/sessions should reject session if device is offline","status":"passed","title":"should reject session if device is offline","duration":9.063540999999987,"failureMessages":[],"meta":{}},{"ancestorTitles":["Customer Session Routes","POST /api/v1/customer/sessions"],"fullName":"Customer Session Routes POST /api/v1/customer/sessions should validate required fields","status":"passed","title":"should validate required fields","duration":6.30433400000004,"failureMessages":[],"meta":{}},{"ancestorTitles":["Customer Session Routes","GET /api/v1/customer/sessions/:id"],"fullName":"Customer Session Routes GET /api/v1/customer/sessions/:id should retrieve session details with commands","status":"passed","title":"should retrieve session details with commands","duration":6.376792000000023,"failureMessages":[],"meta":{}},{"ancestorTitles":["Customer Session Routes","GET /api/v1/customer/sessions/:id"],"fullName":"Customer Session Routes GET /api/v1/customer/sessions/:id should return 404 for non-existent session","status":"passed","title":"should return 404 for non-existent session","duration":11.526540999999952,"failureMessages":[],"meta":{}},{"ancestorTitles":["Customer Session Routes","GET /api/v1/customer/sessions/:id"],"fullName":"Customer Session Routes GET /api/v1/customer/sessions/:id should return 403 for session not owned by customer","status":"passed","title":"should return 403 for session not owned by customer","duration":6.51887499999998,"failureMessages":[],"meta":{}},{"ancestorTitles":["Customer Session Routes","POST /api/v1/customer/sessions/:id/approve"],"fullName":"Customer Session Routes POST /api/v1/customer/sessions/:id/approve should approve a pending command","status":"passed","title":"should approve a pending command","duration":5.883042000000046,"failureMessages":[],"meta":{}},{"ancestorTitles":["Customer Session Routes","POST /api/v1/customer/sessions/:id/approve"],"fullName":"Customer Session Routes POST /api/v1/customer/sessions/:id/approve should reject a pending command","status":"passed","title":"should reject a pending command","duration":10.718457999999941,"failureMessages":[],"meta":{}},{"ancestorTitles":["Customer Session Routes","POST /api/v1/customer/sessions/:id/approve"],"fullName":"Customer Session Routes POST /api/v1/customer/sessions/:id/approve should return 404 for non-existent command","status":"passed","title":"should return 404 for non-existent command","duration":8.761959000000047,"failureMessages":[],"meta":{}},{"ancestorTitles":["Customer Session Routes","POST /api/v1/customer/sessions/:id/approve"],"fullName":"Customer Session Routes POST /api/v1/customer/sessions/:id/approve should return 409 when session no longer exists during update","status":"passed","title":"should return 409 when session no longer exists during update","duration":7.439417000000049,"failureMessages":[],"meta":{}},{"ancestorTitles":["Customer Session Routes","POST /api/v1/customer/sessions/:id/approve"],"fullName":"Customer Session Routes POST /api/v1/customer/sessions/:id/approve should reject approval for already processed command","status":"passed","title":"should reject approval for already processed command","duration":5.98758399999997,"failureMessages":[],"meta":{}},{"ancestorTitles":["Customer Session Routes","GET /api/v1/customer/system/info"],"fullName":"Customer Session Routes GET /api/v1/customer/system/info should return system information for authenticated users","status":"passed","title":"should return system information for authenticated users","duration":5.8381669999999986,"failureMessages":[],"meta":{}},{"ancestorTitles":["Customer Session Routes","GET /api/v1/customer/system/info"],"fullName":"Customer Session Routes GET /api/v1/customer/system/info should reject unauthenticated requests","status":"passed","title":"should reject unauthenticated requests","duration":5.881208000000015,"failureMessages":[],"meta":{}}],"startTime":1757647113339,"endTime":1757647113501.881,"status":"passed","message":"","name":"/Users/jayakin/zen-support/packages/api/src/routes/customer-sessions.test.ts"},{"assertionResults":[{"ancestorTitles":["Device Auth Header Validation","POST /api/v1/device/heartbeat"],"fullName":"Device Auth Header Validation POST /api/v1/device/heartbeat should accept X-Device-Token header","status":"skipped","title":"should accept X-Device-Token header","failureMessages":[],"meta":{}},{"ancestorTitles":["Device Auth Header Validation","POST /api/v1/device/heartbeat"],"fullName":"Device Auth Header Validation POST /api/v1/device/heartbeat should accept Authorization Bearer header","status":"skipped","title":"should accept Authorization Bearer header","failureMessages":[],"meta":{}},{"ancestorTitles":["Device Auth Header Validation","POST /api/v1/device/heartbeat"],"fullName":"Device Auth Header Validation POST /api/v1/device/heartbeat should reject requests without authentication headers","status":"skipped","title":"should reject requests without authentication headers","failureMessages":[],"meta":{}},{"ancestorTitles":["Device Auth Header Validation","POST /api/v1/device/heartbeat"],"fullName":"Device Auth Header Validation POST /api/v1/device/heartbeat should prefer X-Device-Token over Authorization when both present","status":"skipped","title":"should prefer X-Device-Token over Authorization when both present","failureMessages":[],"meta":{}}],"startTime":1757647112758,"endTime":1757647112758,"status":"passed","message":"","name":"/Users/jayakin/zen-support/packages/api/src/routes/device-auth-headers.test.ts"},{"assertionResults":[{"ancestorTitles":["Device Auth Routes","POST /api/v1/device/auth"],"fullName":"Device Auth Routes POST /api/v1/device/auth should authenticate device with valid credentials","status":"passed","title":"should authenticate device with valid credentials","duration":48.27229199999999,"failureMessages":[],"meta":{}},{"ancestorTitles":["Device Auth Routes","POST /api/v1/device/auth"],"fullName":"Device Auth Routes POST /api/v1/device/auth should return 401 for invalid credentials","status":"passed","title":"should return 401 for invalid credentials","duration":10.39145899999994,"failureMessages":[],"meta":{}},{"ancestorTitles":["Device Auth Routes","POST /api/v1/device/auth"],"fullName":"Device Auth Routes POST /api/v1/device/auth should allow offline devices to authenticate","status":"passed","title":"should allow offline devices to authenticate","duration":9.387292000000002,"failureMessages":[],"meta":{}},{"ancestorTitles":["Device Auth Routes","POST /api/v1/device/auth"],"fullName":"Device Auth Routes POST /api/v1/device/auth should return 403 for maintenance device","status":"passed","title":"should return 403 for maintenance device","duration":7.757249999999999,"failureMessages":[],"meta":{}},{"ancestorTitles":["Device Auth Routes","POST /api/v1/device/auth"],"fullName":"Device Auth Routes POST /api/v1/device/auth should validate required fields","status":"passed","title":"should validate required fields","duration":8.478334000000018,"failureMessages":[],"meta":{}},{"ancestorTitles":["Device Auth Routes","POST /api/v1/device/register"],"fullName":"Device Auth Routes POST /api/v1/device/register should register device with valid activation code","status":"passed","title":"should register device with valid activation code","duration":7.098834000000011,"failureMessages":[],"meta":{}},{"ancestorTitles":["Device Auth Routes","POST /api/v1/device/register"],"fullName":"Device Auth Routes POST /api/v1/device/register should return 400 for invalid activation code","status":"passed","title":"should return 400 for invalid activation code","duration":6.160333000000037,"failureMessages":[],"meta":{}},{"ancestorTitles":["Device Auth Routes","POST /api/v1/device/register"],"fullName":"Device Auth Routes POST /api/v1/device/register should return 409 for already registered device","status":"passed","title":"should return 409 for already registered device","duration":6.751959000000056,"failureMessages":[],"meta":{}},{"ancestorTitles":["Device Auth Routes","POST /api/v1/device/register"],"fullName":"Device Auth Routes POST /api/v1/device/register should validate activation code expiry (24h)","status":"passed","title":"should validate activation code expiry (24h)","duration":7.218583000000081,"failureMessages":[],"meta":{}},{"ancestorTitles":["Device Auth Routes","POST /api/v1/device/heartbeat"],"fullName":"Device Auth Routes POST /api/v1/device/heartbeat should update device heartbeat with valid session","status":"passed","title":"should update device heartbeat with valid session","duration":8.708291999999915,"failureMessages":[],"meta":{}},{"ancestorTitles":["Device Auth Routes","POST /api/v1/device/heartbeat"],"fullName":"Device Auth Routes POST /api/v1/device/heartbeat should return 401 for invalid session","status":"passed","title":"should return 401 for invalid session","duration":6.188916999999947,"failureMessages":[],"meta":{}},{"ancestorTitles":["Device Auth Routes","POST /api/v1/device/heartbeat"],"fullName":"Device Auth Routes POST /api/v1/device/heartbeat should return 401 for missing authorization header","status":"passed","title":"should return 401 for missing authorization header","duration":5.627374999999915,"failureMessages":[],"meta":{}},{"ancestorTitles":["Device Auth Routes","POST /api/v1/device/heartbeat"],"fullName":"Device Auth Routes POST /api/v1/device/heartbeat should refresh session TTL on successful heartbeat","status":"passed","title":"should refresh session TTL on successful heartbeat","duration":7.939707999999996,"failureMessages":[],"meta":{}},{"ancestorTitles":["Device Auth Routes","POST /api/v1/device/heartbeat"],"fullName":"Device Auth Routes POST /api/v1/device/heartbeat should validate status enum values","status":"passed","title":"should validate status enum values","duration":6.688417000000072,"failureMessages":[],"meta":{}},{"ancestorTitles":["Device Auth Routes","POST /api/v1/device/heartbeat"],"fullName":"Device Auth Routes POST /api/v1/device/heartbeat should handle heartbeat with minimal payload","status":"passed","title":"should handle heartbeat with minimal payload","duration":4.867250000000013,"failureMessages":[],"meta":{}}],"startTime":1757647113361,"endTime":1757647113512.8672,"status":"passed","message":"","name":"/Users/jayakin/zen-support/packages/api/src/routes/device-auth.test.ts"},{"assertionResults":[{"ancestorTitles":["Device Command Routes","POST /api/v1/device/commands/claim"],"fullName":"Device Command Routes POST /api/v1/device/commands/claim should claim pending commands with default parameters","status":"passed","title":"should claim pending commands with default parameters","duration":73.07358299999999,"failureMessages":[],"meta":{}},{"ancestorTitles":["Device Command Routes","POST /api/v1/device/commands/claim"],"fullName":"Device Command Routes POST /api/v1/device/commands/claim should claim multiple commands with custom parameters","status":"passed","title":"should claim multiple commands with custom parameters","duration":14.808291999999938,"failureMessages":[],"meta":{}},{"ancestorTitles":["Device Command Routes","POST /api/v1/device/commands/claim"],"fullName":"Device Command Routes POST /api/v1/device/commands/claim should return empty array when no commands available","status":"passed","title":"should return empty array when no commands available","duration":6.8841659999999365,"failureMessages":[],"meta":{}},{"ancestorTitles":["Device Command Routes","POST /api/v1/device/commands/claim"],"fullName":"Device Command Routes POST /api/v1/device/commands/claim should validate limit parameter maximum","status":"passed","title":"should validate limit parameter maximum","duration":10.836958999999979,"failureMessages":[],"meta":{}},{"ancestorTitles":["Device Command Routes","POST /api/v1/device/commands/claim"],"fullName":"Device Command Routes POST /api/v1/device/commands/claim should handle service errors gracefully","status":"passed","title":"should handle service errors gracefully","duration":10.172915999999987,"failureMessages":[],"meta":{}},{"ancestorTitles":["Device Command Routes","POST /api/v1/device/commands/:id/extend"],"fullName":"Device Command Routes POST /api/v1/device/commands/:id/extend should extend visibility timeout for claimed command","status":"passed","title":"should extend visibility timeout for claimed command","duration":8.330874999999992,"failureMessages":[],"meta":{}},{"ancestorTitles":["Device Command Routes","POST /api/v1/device/commands/:id/extend"],"fullName":"Device Command Routes POST /api/v1/device/commands/:id/extend should use default visibility timeout if not provided","status":"passed","title":"should use default visibility timeout if not provided","duration":8.332583999999997,"failureMessages":[],"meta":{}},{"ancestorTitles":["Device Command Routes","POST /api/v1/device/commands/:id/extend"],"fullName":"Device Command Routes POST /api/v1/device/commands/:id/extend should return 404 when command not found or not claimed","status":"passed","title":"should return 404 when command not found or not claimed","duration":8.149125000000026,"failureMessages":[],"meta":{}},{"ancestorTitles":["Device Command Routes","POST /api/v1/device/commands/:id/extend"],"fullName":"Device Command Routes POST /api/v1/device/commands/:id/extend should return 403 when claim token is invalid","status":"passed","title":"should return 403 when claim token is invalid","duration":7.136417000000051,"failureMessages":[],"meta":{}},{"ancestorTitles":["Device Command Routes","POST /api/v1/device/commands/:id/result"],"fullName":"Device Command Routes POST /api/v1/device/commands/:id/result should submit command result successfully","status":"passed","title":"should submit command result successfully","duration":10.246374999999944,"failureMessages":[],"meta":{}},{"ancestorTitles":["Device Command Routes","POST /api/v1/device/commands/:id/result"],"fullName":"Device Command Routes POST /api/v1/device/commands/:id/result should submit error result","status":"passed","title":"should submit error result","duration":6.260582999999997,"failureMessages":[],"meta":{}},{"ancestorTitles":["Device Command Routes","POST /api/v1/device/commands/:id/result"],"fullName":"Device Command Routes POST /api/v1/device/commands/:id/result should return 404 when command not found","status":"passed","title":"should return 404 when command not found","duration":6.6364580000000615,"failureMessages":[],"meta":{}},{"ancestorTitles":["Device Command Routes","POST /api/v1/device/commands/:id/result"],"fullName":"Device Command Routes POST /api/v1/device/commands/:id/result should return 403 when claim token is invalid","status":"passed","title":"should return 403 when claim token is invalid","duration":6.144042000000013,"failureMessages":[],"meta":{}},{"ancestorTitles":["Device Command Routes","POST /api/v1/device/commands/:id/result"],"fullName":"Device Command Routes POST /api/v1/device/commands/:id/result should return 409 when command already has result","status":"passed","title":"should return 409 when command already has result","duration":6.547416999999996,"failureMessages":[],"meta":{}},{"ancestorTitles":["Device Command Routes","POST /api/v1/device/commands/:id/result"],"fullName":"Device Command Routes POST /api/v1/device/commands/:id/result should validate result payload","status":"passed","title":"should validate result payload","duration":8.619707999999946,"failureMessages":[],"meta":{}},{"ancestorTitles":["Device Command Routes","Authentication"],"fullName":"Device Command Routes Authentication should require authentication for all endpoints","status":"passed","title":"should require authentication for all endpoints","duration":8.907083000000057,"failureMessages":[],"meta":{}}],"startTime":1757647113328,"endTime":1757647113529.907,"status":"passed","message":"","name":"/Users/jayakin/zen-support/packages/api/src/routes/device-commands.test.ts"},{"assertionResults":[{"ancestorTitles":["Device WebSocket Communication","Device Authentication"],"fullName":"Device WebSocket Communication Device Authentication should reject connection without X-Device-Session header","status":"passed","title":"should reject connection without X-Device-Session header","duration":103.44450000000006,"failureMessages":[],"meta":{}},{"ancestorTitles":["Device WebSocket Communication","Device Authentication"],"fullName":"Device WebSocket Communication Device Authentication should reject connection with invalid session token","status":"passed","title":"should reject connection with invalid session token","duration":27.273790999999846,"failureMessages":[],"meta":{}},{"ancestorTitles":["Device WebSocket Communication","Device Authentication"],"fullName":"Device WebSocket Communication Device Authentication should accept connection with valid session token","status":"failed","title":"should accept connection with valid session token","duration":30027.819042,"failureMessages":["Error: STACK_TRACE_ERROR\n    at task (file:///Users/jayakin/zen-support/node_modules/@vitest/runner/dist/chunk-hooks.js:638:27)\n    at Object.<anonymous> (file:///Users/jayakin/zen-support/node_modules/@vitest/runner/dist/chunk-hooks.js:662:16)\n    at Object.<anonymous> (file:///Users/jayakin/zen-support/node_modules/@vitest/runner/dist/chunk-hooks.js:458:28)\n    at chain (file:///Users/jayakin/zen-support/node_modules/@vitest/runner/dist/chunk-hooks.js:369:14)\n    at /Users/jayakin/zen-support/packages/api/src/routes/device-websocket.test.ts:105:5\n    at file:///Users/jayakin/zen-support/node_modules/@vitest/runner/dist/chunk-hooks.js:734:40\n    at runWithSuite (file:///Users/jayakin/zen-support/node_modules/@vitest/runner/dist/chunk-hooks.js:1849:8)\n    at Object.collect (file:///Users/jayakin/zen-support/node_modules/@vitest/runner/dist/chunk-hooks.js:734:10)\n    at Object.collect (file:///Users/jayakin/zen-support/node_modules/@vitest/runner/dist/chunk-hooks.js:738:54)\n    at processTicksAndRejections (node:internal/process/task_queues:105:5)\n    at Object.collect (file:///Users/jayakin/zen-support/node_modules/@vitest/runner/dist/chunk-hooks.js:738:46)\n    at collectTests (file:///Users/jayakin/zen-support/node_modules/@vitest/runner/dist/chunk-hooks.js:1179:25)\n    at startTests (file:///Users/jayakin/zen-support/node_modules/@vitest/runner/dist/chunk-hooks.js:1817:17)\n    at file:///Users/jayakin/zen-support/node_modules/vitest/dist/chunks/runBaseTests.9Ij9_de-.js:117:26\n    at withEnv (file:///Users/jayakin/zen-support/node_modules/vitest/dist/chunks/runBaseTests.9Ij9_de-.js:84:3)"],"meta":{}},{"ancestorTitles":["Device WebSocket Communication","Message Handlers","Heartbeat"],"fullName":"Device WebSocket Communication Message Handlers Heartbeat should respond to heartbeat with heartbeat_ack","status":"failed","title":"should respond to heartbeat with heartbeat_ack","duration":30033.797958,"failureMessages":["Error: STACK_TRACE_ERROR\n    at beforeEach (file:///Users/jayakin/zen-support/node_modules/@vitest/runner/dist/chunk-hooks.js:2165:26)\n    at /Users/jayakin/zen-support/packages/api/src/routes/device-websocket.test.ts:151:5\n    at file:///Users/jayakin/zen-support/node_modules/@vitest/runner/dist/chunk-hooks.js:734:40\n    at runWithSuite (file:///Users/jayakin/zen-support/node_modules/@vitest/runner/dist/chunk-hooks.js:1849:8)\n    at Object.collect (file:///Users/jayakin/zen-support/node_modules/@vitest/runner/dist/chunk-hooks.js:734:10)\n    at Object.collect (file:///Users/jayakin/zen-support/node_modules/@vitest/runner/dist/chunk-hooks.js:738:54)\n    at processTicksAndRejections (node:internal/process/task_queues:105:5)\n    at Object.collect (file:///Users/jayakin/zen-support/node_modules/@vitest/runner/dist/chunk-hooks.js:738:46)\n    at collectTests (file:///Users/jayakin/zen-support/node_modules/@vitest/runner/dist/chunk-hooks.js:1179:25)\n    at startTests (file:///Users/jayakin/zen-support/node_modules/@vitest/runner/dist/chunk-hooks.js:1817:17)"],"meta":{}},{"ancestorTitles":["Device WebSocket Communication","Message Handlers","Command Claiming"],"fullName":"Device WebSocket Communication Message Handlers Command Claiming should return command when available","status":"failed","title":"should return command when available","duration":30044.330708,"failureMessages":["Error: STACK_TRACE_ERROR\n    at beforeEach (file:///Users/jayakin/zen-support/node_modules/@vitest/runner/dist/chunk-hooks.js:2165:26)\n    at /Users/jayakin/zen-support/packages/api/src/routes/device-websocket.test.ts:151:5\n    at file:///Users/jayakin/zen-support/node_modules/@vitest/runner/dist/chunk-hooks.js:734:40\n    at runWithSuite (file:///Users/jayakin/zen-support/node_modules/@vitest/runner/dist/chunk-hooks.js:1849:8)\n    at Object.collect (file:///Users/jayakin/zen-support/node_modules/@vitest/runner/dist/chunk-hooks.js:734:10)\n    at Object.collect (file:///Users/jayakin/zen-support/node_modules/@vitest/runner/dist/chunk-hooks.js:738:54)\n    at processTicksAndRejections (node:internal/process/task_queues:105:5)\n    at Object.collect (file:///Users/jayakin/zen-support/node_modules/@vitest/runner/dist/chunk-hooks.js:738:46)\n    at collectTests (file:///Users/jayakin/zen-support/node_modules/@vitest/runner/dist/chunk-hooks.js:1179:25)\n    at startTests (file:///Users/jayakin/zen-support/node_modules/@vitest/runner/dist/chunk-hooks.js:1817:17)"],"meta":{}},{"ancestorTitles":["Device WebSocket Communication","Message Handlers","Command Claiming"],"fullName":"Device WebSocket Communication Message Handlers Command Claiming should return no_commands when queue is empty","status":"failed","title":"should return no_commands when queue is empty","duration":30025.81749999999,"failureMessages":["Error: STACK_TRACE_ERROR\n    at beforeEach (file:///Users/jayakin/zen-support/node_modules/@vitest/runner/dist/chunk-hooks.js:2165:26)\n    at /Users/jayakin/zen-support/packages/api/src/routes/device-websocket.test.ts:151:5\n    at file:///Users/jayakin/zen-support/node_modules/@vitest/runner/dist/chunk-hooks.js:734:40\n    at runWithSuite (file:///Users/jayakin/zen-support/node_modules/@vitest/runner/dist/chunk-hooks.js:1849:8)\n    at Object.collect (file:///Users/jayakin/zen-support/node_modules/@vitest/runner/dist/chunk-hooks.js:734:10)\n    at Object.collect (file:///Users/jayakin/zen-support/node_modules/@vitest/runner/dist/chunk-hooks.js:738:54)\n    at processTicksAndRejections (node:internal/process/task_queues:105:5)\n    at Object.collect (file:///Users/jayakin/zen-support/node_modules/@vitest/runner/dist/chunk-hooks.js:738:46)\n    at collectTests (file:///Users/jayakin/zen-support/node_modules/@vitest/runner/dist/chunk-hooks.js:1179:25)\n    at startTests (file:///Users/jayakin/zen-support/node_modules/@vitest/runner/dist/chunk-hooks.js:1817:17)"],"meta":{}},{"ancestorTitles":["Device WebSocket Communication","Message Handlers","Command Claiming"],"fullName":"Device WebSocket Communication Message Handlers Command Claiming should handle command claim errors","status":"failed","title":"should handle command claim errors","duration":30026.772625000012,"failureMessages":["Error: STACK_TRACE_ERROR\n    at beforeEach (file:///Users/jayakin/zen-support/node_modules/@vitest/runner/dist/chunk-hooks.js:2165:26)\n    at /Users/jayakin/zen-support/packages/api/src/routes/device-websocket.test.ts:151:5\n    at file:///Users/jayakin/zen-support/node_modules/@vitest/runner/dist/chunk-hooks.js:734:40\n    at runWithSuite (file:///Users/jayakin/zen-support/node_modules/@vitest/runner/dist/chunk-hooks.js:1849:8)\n    at Object.collect (file:///Users/jayakin/zen-support/node_modules/@vitest/runner/dist/chunk-hooks.js:734:10)\n    at Object.collect (file:///Users/jayakin/zen-support/node_modules/@vitest/runner/dist/chunk-hooks.js:738:54)\n    at processTicksAndRejections (node:internal/process/task_queues:105:5)\n    at Object.collect (file:///Users/jayakin/zen-support/node_modules/@vitest/runner/dist/chunk-hooks.js:738:46)\n    at collectTests (file:///Users/jayakin/zen-support/node_modules/@vitest/runner/dist/chunk-hooks.js:1179:25)\n    at startTests (file:///Users/jayakin/zen-support/node_modules/@vitest/runner/dist/chunk-hooks.js:1817:17)"],"meta":{}},{"ancestorTitles":["Device WebSocket Communication","Message Handlers","Command Results"],"fullName":"Device WebSocket Communication Message Handlers Command Results should submit command result successfully","status":"failed","title":"should submit command result successfully","duration":30036.2745,"failureMessages":["Error: STACK_TRACE_ERROR\n    at beforeEach (file:///Users/jayakin/zen-support/node_modules/@vitest/runner/dist/chunk-hooks.js:2165:26)\n    at /Users/jayakin/zen-support/packages/api/src/routes/device-websocket.test.ts:151:5\n    at file:///Users/jayakin/zen-support/node_modules/@vitest/runner/dist/chunk-hooks.js:734:40\n    at runWithSuite (file:///Users/jayakin/zen-support/node_modules/@vitest/runner/dist/chunk-hooks.js:1849:8)\n    at Object.collect (file:///Users/jayakin/zen-support/node_modules/@vitest/runner/dist/chunk-hooks.js:734:10)\n    at Object.collect (file:///Users/jayakin/zen-support/node_modules/@vitest/runner/dist/chunk-hooks.js:738:54)\n    at processTicksAndRejections (node:internal/process/task_queues:105:5)\n    at Object.collect (file:///Users/jayakin/zen-support/node_modules/@vitest/runner/dist/chunk-hooks.js:738:46)\n    at collectTests (file:///Users/jayakin/zen-support/node_modules/@vitest/runner/dist/chunk-hooks.js:1179:25)\n    at startTests (file:///Users/jayakin/zen-support/node_modules/@vitest/runner/dist/chunk-hooks.js:1817:17)"],"meta":{}},{"ancestorTitles":["Device WebSocket Communication","Message Handlers","Command Results"],"fullName":"Device WebSocket Communication Message Handlers Command Results should handle missing commandId or claimToken","status":"failed","title":"should handle missing commandId or claimToken","duration":30029.445083,"failureMessages":["Error: STACK_TRACE_ERROR\n    at beforeEach (file:///Users/jayakin/zen-support/node_modules/@vitest/runner/dist/chunk-hooks.js:2165:26)\n    at /Users/jayakin/zen-support/packages/api/src/routes/device-websocket.test.ts:151:5\n    at file:///Users/jayakin/zen-support/node_modules/@vitest/runner/dist/chunk-hooks.js:734:40\n    at runWithSuite (file:///Users/jayakin/zen-support/node_modules/@vitest/runner/dist/chunk-hooks.js:1849:8)\n    at Object.collect (file:///Users/jayakin/zen-support/node_modules/@vitest/runner/dist/chunk-hooks.js:734:10)\n    at Object.collect (file:///Users/jayakin/zen-support/node_modules/@vitest/runner/dist/chunk-hooks.js:738:54)\n    at processTicksAndRejections (node:internal/process/task_queues:105:5)\n    at Object.collect (file:///Users/jayakin/zen-support/node_modules/@vitest/runner/dist/chunk-hooks.js:738:46)\n    at collectTests (file:///Users/jayakin/zen-support/node_modules/@vitest/runner/dist/chunk-hooks.js:1179:25)\n    at startTests (file:///Users/jayakin/zen-support/node_modules/@vitest/runner/dist/chunk-hooks.js:1817:17)"],"meta":{}},{"ancestorTitles":["Device WebSocket Communication","Message Handlers","Command Results"],"fullName":"Device WebSocket Communication Message Handlers Command Results should handle invalid claim token","status":"failed","title":"should handle invalid claim token","duration":30038.252000000008,"failureMessages":["Error: STACK_TRACE_ERROR\n    at beforeEach (file:///Users/jayakin/zen-support/node_modules/@vitest/runner/dist/chunk-hooks.js:2165:26)\n    at /Users/jayakin/zen-support/packages/api/src/routes/device-websocket.test.ts:151:5\n    at file:///Users/jayakin/zen-support/node_modules/@vitest/runner/dist/chunk-hooks.js:734:40\n    at runWithSuite (file:///Users/jayakin/zen-support/node_modules/@vitest/runner/dist/chunk-hooks.js:1849:8)\n    at Object.collect (file:///Users/jayakin/zen-support/node_modules/@vitest/runner/dist/chunk-hooks.js:734:10)\n    at Object.collect (file:///Users/jayakin/zen-support/node_modules/@vitest/runner/dist/chunk-hooks.js:738:54)\n    at processTicksAndRejections (node:internal/process/task_queues:105:5)\n    at Object.collect (file:///Users/jayakin/zen-support/node_modules/@vitest/runner/dist/chunk-hooks.js:738:46)\n    at collectTests (file:///Users/jayakin/zen-support/node_modules/@vitest/runner/dist/chunk-hooks.js:1179:25)\n    at startTests (file:///Users/jayakin/zen-support/node_modules/@vitest/runner/dist/chunk-hooks.js:1817:17)"],"meta":{}},{"ancestorTitles":["Device WebSocket Communication","Message Handlers","Command Results"],"fullName":"Device WebSocket Communication Message Handlers Command Results should handle already completed command","status":"failed","title":"should handle already completed command","duration":30041.84379200003,"failureMessages":["Error: STACK_TRACE_ERROR\n    at beforeEach (file:///Users/jayakin/zen-support/node_modules/@vitest/runner/dist/chunk-hooks.js:2165:26)\n    at /Users/jayakin/zen-support/packages/api/src/routes/device-websocket.test.ts:151:5\n    at file:///Users/jayakin/zen-support/node_modules/@vitest/runner/dist/chunk-hooks.js:734:40\n    at runWithSuite (file:///Users/jayakin/zen-support/node_modules/@vitest/runner/dist/chunk-hooks.js:1849:8)\n    at Object.collect (file:///Users/jayakin/zen-support/node_modules/@vitest/runner/dist/chunk-hooks.js:734:10)\n    at Object.collect (file:///Users/jayakin/zen-support/node_modules/@vitest/runner/dist/chunk-hooks.js:738:54)\n    at processTicksAndRejections (node:internal/process/task_queues:105:5)\n    at Object.collect (file:///Users/jayakin/zen-support/node_modules/@vitest/runner/dist/chunk-hooks.js:738:46)\n    at collectTests (file:///Users/jayakin/zen-support/node_modules/@vitest/runner/dist/chunk-hooks.js:1179:25)\n    at startTests (file:///Users/jayakin/zen-support/node_modules/@vitest/runner/dist/chunk-hooks.js:1817:17)"],"meta":{}},{"ancestorTitles":["Device WebSocket Communication","Message Handlers","Status Updates"],"fullName":"Device WebSocket Communication Message Handlers Status Updates should store and broadcast device status updates","status":"failed","title":"should store and broadcast device status updates","duration":30020.806082999974,"failureMessages":["Error: STACK_TRACE_ERROR\n    at beforeEach (file:///Users/jayakin/zen-support/node_modules/@vitest/runner/dist/chunk-hooks.js:2165:26)\n    at /Users/jayakin/zen-support/packages/api/src/routes/device-websocket.test.ts:151:5\n    at file:///Users/jayakin/zen-support/node_modules/@vitest/runner/dist/chunk-hooks.js:734:40\n    at runWithSuite (file:///Users/jayakin/zen-support/node_modules/@vitest/runner/dist/chunk-hooks.js:1849:8)\n    at Object.collect (file:///Users/jayakin/zen-support/node_modules/@vitest/runner/dist/chunk-hooks.js:734:10)\n    at Object.collect (file:///Users/jayakin/zen-support/node_modules/@vitest/runner/dist/chunk-hooks.js:738:54)\n    at processTicksAndRejections (node:internal/process/task_queues:105:5)\n    at Object.collect (file:///Users/jayakin/zen-support/node_modules/@vitest/runner/dist/chunk-hooks.js:738:46)\n    at collectTests (file:///Users/jayakin/zen-support/node_modules/@vitest/runner/dist/chunk-hooks.js:1179:25)\n    at startTests (file:///Users/jayakin/zen-support/node_modules/@vitest/runner/dist/chunk-hooks.js:1817:17)"],"meta":{}},{"ancestorTitles":["Device WebSocket Communication","Message Handlers","Unknown Message Type"],"fullName":"Device WebSocket Communication Message Handlers Unknown Message Type should return error for unknown message type","status":"failed","title":"should return error for unknown message type","duration":30024.090749999974,"failureMessages":["Error: STACK_TRACE_ERROR\n    at beforeEach (file:///Users/jayakin/zen-support/node_modules/@vitest/runner/dist/chunk-hooks.js:2165:26)\n    at /Users/jayakin/zen-support/packages/api/src/routes/device-websocket.test.ts:151:5\n    at file:///Users/jayakin/zen-support/node_modules/@vitest/runner/dist/chunk-hooks.js:734:40\n    at runWithSuite (file:///Users/jayakin/zen-support/node_modules/@vitest/runner/dist/chunk-hooks.js:1849:8)\n    at Object.collect (file:///Users/jayakin/zen-support/node_modules/@vitest/runner/dist/chunk-hooks.js:734:10)\n    at Object.collect (file:///Users/jayakin/zen-support/node_modules/@vitest/runner/dist/chunk-hooks.js:738:54)\n    at processTicksAndRejections (node:internal/process/task_queues:105:5)\n    at Object.collect (file:///Users/jayakin/zen-support/node_modules/@vitest/runner/dist/chunk-hooks.js:738:46)\n    at collectTests (file:///Users/jayakin/zen-support/node_modules/@vitest/runner/dist/chunk-hooks.js:1179:25)\n    at startTests (file:///Users/jayakin/zen-support/node_modules/@vitest/runner/dist/chunk-hooks.js:1817:17)"],"meta":{}},{"ancestorTitles":["Device WebSocket Communication","Message Handlers","Invalid Message Format"],"fullName":"Device WebSocket Communication Message Handlers Invalid Message Format should handle invalid JSON","status":"failed","title":"should handle invalid JSON","duration":30029.217999999993,"failureMessages":["Error: STACK_TRACE_ERROR\n    at beforeEach (file:///Users/jayakin/zen-support/node_modules/@vitest/runner/dist/chunk-hooks.js:2165:26)\n    at /Users/jayakin/zen-support/packages/api/src/routes/device-websocket.test.ts:151:5\n    at file:///Users/jayakin/zen-support/node_modules/@vitest/runner/dist/chunk-hooks.js:734:40\n    at runWithSuite (file:///Users/jayakin/zen-support/node_modules/@vitest/runner/dist/chunk-hooks.js:1849:8)\n    at Object.collect (file:///Users/jayakin/zen-support/node_modules/@vitest/runner/dist/chunk-hooks.js:734:10)\n    at Object.collect (file:///Users/jayakin/zen-support/node_modules/@vitest/runner/dist/chunk-hooks.js:738:54)\n    at processTicksAndRejections (node:internal/process/task_queues:105:5)\n    at Object.collect (file:///Users/jayakin/zen-support/node_modules/@vitest/runner/dist/chunk-hooks.js:738:46)\n    at collectTests (file:///Users/jayakin/zen-support/node_modules/@vitest/runner/dist/chunk-hooks.js:1179:25)\n    at startTests (file:///Users/jayakin/zen-support/node_modules/@vitest/runner/dist/chunk-hooks.js:1817:17)"],"meta":{}},{"ancestorTitles":["Device WebSocket Communication","Connection Management"],"fullName":"Device WebSocket Communication Connection Management should clean up resources on disconnect","status":"passed","title":"should clean up resources on disconnect","duration":122.39650000003166,"failureMessages":[],"meta":{}},{"ancestorTitles":["Device WebSocket Communication","Connection Management"],"fullName":"Device WebSocket Communication Connection Management should handle connection errors gracefully","status":"passed","title":"should handle connection errors gracefully","duration":20.208207999996375,"failureMessages":[],"meta":{}},{"ancestorTitles":["Device WebSocket Communication","Correlation IDs"],"fullName":"Device WebSocket Communication Correlation IDs should preserve request IDs in responses","status":"passed","title":"should preserve request IDs in responses","duration":27.119249999988824,"failureMessages":[],"meta":{}},{"ancestorTitles":["Device WebSocket Communication","Correlation IDs"],"fullName":"Device WebSocket Communication Correlation IDs should generate request ID if not provided","status":"passed","title":"should generate request ID if not provided","duration":17.522667000012007,"failureMessages":[],"meta":{}}],"startTime":1757647113733,"endTime":1757647474433.5227,"status":"failed","message":"","name":"/Users/jayakin/zen-support/packages/api/src/routes/device-websocket.test.ts"},{"assertionResults":[{"ancestorTitles":["Health Routes","GET /healthz"],"fullName":"Health Ro
[...]
\u001b[39m\n                    \u001b[36m/>\u001b[39m\n                  \u001b[36m</svg>\u001b[39m\n                \u001b[36m</button>\u001b[39m\n                \u001b[36m<button\u001b[39m\n                  \u001b[33maria-autocomplete\u001b[39m=\u001b[32m\"none\"\u001b[39m\n                  \u001b[33maria-controls\u001b[39m=\u001b[32m\"radix-:rlt:\"\u001b[39m\n                  \u001b[33maria-expanded\u001b[39m=\u001b[32m\"false\"\u001b[39m\n                  \u001b[33maria-label\u001b[39m=\u001b[32m\"Filter by status\"\u001b[39m\n                  \u001b[33mclass\u001b[39m=\u001b[32m\"flex h-9 items-center justify-between whitespace-nowrap rounded-md border border-input bg-transparent px-3 py-2 text-sm shadow-sm ring-offset-background data-[placeholder]:text-muted-foreground focus:outline-none focus:ring-1 focus:ring-ring disabled:cursor-not-allowed disabled:opacity-50 [&>span]:line-clamp-1 w-[130px]\"\u001b[39m\n ...\n    at waitForWrapper (/Users/jayakin/zen-support/node_modules/@testing-library/dom/dist/wait-for.js:163:27)\n    at /Users/jayakin/zen-support/packages/web/src/components/settings/UserManagement.test.tsx:839:13\n    at file:///Users/jayakin/zen-support/node_modules/@vitest/runner/dist/chunk-hooks.js:752:20"],"meta":{}},{"ancestorTitles":["UserManagement","Real-time Updates"],"fullName":"UserManagement Real-time Updates should update user status in real-time","status":"failed","title":"should update user status in real-time","duration":1019.3358749999989,"failureMessages":["Error: \u001b[2mexpect(\u001b[22m\u001b[31melement\u001b[39m\u001b[2m).toHaveTextContent()\u001b[22m\n\nExpected element to have text content:\n\u001b[32m  Active\u001b[39m\nReceived:\n\u001b[31m  No namepending@example.comInvitation sentViewerPending1/9/2024Never\u001b[39m\n\nIgnored nodes: comments, script, style\n\u001b[36m<html>\u001b[39m\n  \u001b[36m<head />\u001b[39m\n  \u001b[36m<body>\u001b[39m\n    \u001b[36m<div>\u001b[39m\n      \u001b[36m<div\u001b[39m\n        \u001b[33mdata-testid\u001b[39m=\u001b[32m\"test-wrapper\"\u001b[39m\n      \u001b[36m>\u001b[39m\n        \u001b[36m<div\u001b[39m\n          \u001b[33mclass\u001b[39m=\u001b[32m\"rounded-xl border bg-card text-card-foreground shadow\"\u001b[39m\n        \u001b[36m>\u001b[39m\n          \u001b[36m<div\u001b[39m\n            \u001b[33mclass\u001b[39m=\u001b[32m\"flex flex-col space-y-1.5 p-6\"\u001b[39m\n          \u001b[36m>\u001b[39m\n            \u001b[36m<div\u001b[39m\n              \u001b[33mclass\u001b[39m=\u001b[32m\"font-semibold leading-none tracking-tight\"\u001b[39m\n            \u001b[36m>\u001b[39m\n              \u001b[0mUser Management\u001b[0m\n            \u001b[36m</div>\u001b[39m\n            \u001b[36m<div\u001b[39m\n              \u001b[33mclass\u001b[39m=\u001b[32m\"text-sm text-muted-foreground\"\u001b[39m\n            \u001b[36m>\u001b[39m\n              \u001b[0mManage team members and their permissions\u001b[0m\n            \u001b[36m</div>\u001b[39m\n          \u001b[36m</div>\u001b[39m\n          \u001b[36m<div\u001b[39m\n            \u001b[33mclass\u001b[39m=\u001b[32m\"p-6 pt-0\"\u001b[39m\n          \u001b[36m>\u001b[39m\n            \u001b[36m<div\u001b[39m\n              \u001b[33mclass\u001b[39m=\u001b[32m\"space-y-4\"\u001b[39m\n            \u001b[36m>\u001b[39m\n              \u001b[36m<div\u001b[39m\n                \u001b[33mclass\u001b[39m=\u001b[32m\"flex items-center justify-between gap-4\"\u001b[39m\n              \u001b[36m>\u001b[39m\n                \u001b[36m<div\u001b[39m\n                  \u001b[33mclass\u001b[39m=\u001b[32m\"flex flex-1 items-center gap-2\"\u001b[39m\n                \u001b[36m>\u001b[39m\n                  \u001b[36m<div\u001b[39m\n                    \u001b[33mclass\u001b[39m=\u001b[32m\"relative flex-1 max-w-sm\"\u001b[39m\n                  \u001b[36m>\u001b[39m\n                    \u001b[36m<svg\u001b[39m\n                      \u001b[33maria-hidden\u001b[39m=\u001b[32m\"true\"\u001b[39m\n                      \u001b[33mclass\u001b[39m=\u001b[32m\"lucide lucide-search absolute left-3 top-1/2 h-4 w-4 -translate-y-1/2 text-muted-foreground\"\u001b[39m\n                      \u001b[33mfill\u001b[39m=\u001b[32m\"none\"\u001b[39m\n                      \u001b[33mheight\u001b[39m=\u001b[32m\"24\"\u001b[39m\n                      \u001b[33mstroke\u001b[39m=\u001b[32m\"currentColor\"\u001b[39m\n                      \u001b[33mstroke-linecap\u001b[39m=\u001b[32m\"round\"\u001b[39m\n                      \u001b[33mstroke-linejoin\u001b[39m=\u001b[32m\"round\"\u001b[39m\n                      \u001b[33mstroke-width\u001b[39m=\u001b[32m\"2\"\u001b[39m\n                      \u001b[33mviewBox\u001b[39m=\u001b[32m\"0 0 24 24\"\u001b[39m\n                      \u001b[33mwidth\u001b[39m=\u001b[32m\"24\"\u001b[39m\n                      \u001b[33mxmlns\u001b[39m=\u001b[32m\"http://www.w3.org/2000/svg\"\u001b[39m\n                    \u001b[36m>\u001b[39m\n                      \u001b[36m<path\u001b[39m\n                        \u001b[33md\u001b[39m=\u001b[32m\"m21 21-4.34-4.34\"\u001b[39m\n                      \u001b[36m/>\u001b[39m\n                      \u001b[36m<circle\u001b[39m\n                        \u001b[33mcx\u001b[39m=\u001b[32m\"11\"\u001b[39m\n                        \u001b[33mcy\u001b[39m=\u001b[32m\"11\"\u001b[39m\n                        \u001b[33mr\u001b[39m=\u001b[32m\"8\"\u001b[39m\n                      \u001b[36m/>\u001b[39m\n                    \u001b[36m</svg>\u001b[39m\n                    \u001b[36m<input\u001b[39m\n                      \u001b[33maria-label\u001b[39m=\u001b[32m\"Search users\"\u001b[39m\n                      \u001b[33mclass\u001b[39m=\u001b[32m\"flex h-9 w-full rounded-md border border-input bg-transparent px-3 py-1 text-base shadow-sm transition-colors file:border-0 file:bg-transparent file:text-sm file:font-medium file:text-foreground placeholder:text-muted-foreground focus-visible:outline-none focus-visible:ring-1 focus-visible:ring-ring disabled:cursor-not-allowed disabled:opacity-50 md:text-sm pl-9\"\u001b[39m\n                      \u001b[33mplaceholder\u001b[39m=\u001b[32m\"Search users...\"\u001b[39m\n                      \u001b[33mvalue\u001b[39m=\u001b[32m\"\"\u001b[39m\n                    \u001b[36m/>\u001b[39m\n                  \u001b[36m</div>\u001b[39m\n                  \u001b[36m<button\u001b[39m\n                    \u001b[33maria-autocomplete\u001b[39m=\u001b[32m\"none\"\u001b[39m\n                    \u001b[33maria-controls\u001b[39m=\u001b[32m\"radix-:rmg:\"\u001b[39m\n                    \u001b[33maria-expanded\u001b[39m=\u001b[32m\"false\"\u001b[39m\n                    \u001b[33maria-label\u001b[39m=\u001b[32m\"Filter by role\"\u001b[39m\n                    \u001b[33mclass\u001b[39m=\u001b[32m\"flex h-9 items-center justify-between whitespace-nowrap rounded-md border border-input bg-transparent px-3 py-2 text-sm shadow-sm ring-offset-background data-[placeholder]:text-muted-foreground focus:outline-none focus:ring-1 focus:ring-ring disabled:cursor-not-allowed disabled:opacity-50 [&>span]:line-clamp-1 w-[130px]\"\u001b[39m\n                    \u001b[33mdata-state\u001b[39m=\u001b[32m\"closed\"\u001b[39m\n                    \u001b[33mdir\u001b[39m=\u001b[32m\"ltr\"\u001b[39m\n                    \u001b[33mrole\u001b[39m=\u001b[32m\"combobox\"\u001b[39m\n                    \u001b[33mtype\u001b[39m=\u001b[32m\"button\"\u001b[39m\n                  \u001b[36m>\u001b[39m\n                    \u001b[36m<svg\u001b[39m\n                      \u001b[33maria-hidden\u001b[39m=\u001b[32m\"true\"\u001b[39m\n                      \u001b[33mclass\u001b[39m=\u001b[32m\"lucide lucide-funnel mr-2 h-4 w-4\"\u001b[39m\n                      \u001b[33mfill\u001b[39m=\u001b[32m\"none\"\u001b[39m\n                      \u001b[33mheight\u001b[39m=\u001b[32m\"24\"\u001b[39m\n                      \u001b[33mstroke\u001b[39m=\u001b[32m\"currentColor\"\u001b[39m\n                      \u001b[33mstroke-linecap\u001b[39m=\u001b[32m\"round\"\u001b[39m\n                      \u001b[33mstroke-linejoin\u001b[39m=\u001b[32m\"round\"\u001b[39m\n                      \u001b[33mstroke-width\u001b[39m=\u001b[32m\"2\"\u001b[39m\n                      \u001b[33mviewBox\u001b[39m=\u001b[32m\"0 0 24 24\"\u001b[39m\n                      \u001b[33mwidth\u001b[39m=\u001b[32m\"24\"\u001b[39m\n                      \u001b[33mxmlns\u001b[39m=\u001b[32m\"http://www.w3.org/2000/svg\"\u001b[39m\n                    \u001b[36m>\u001b[39m\n                      \u001b[36m<path\u001b[39m\n                        \u001b[33md\u001b[39m=\u001b[32m\"M10 20a1 1 0 0 0 .553.895l2 1A1 1 0 0 0 14 21v-7a2 2 0 0 1 .517-1.341L21.74 4.67A1 1 0 0 0 21 3H3a1 1 0 0 0-.742 1.67l7.225 7.989A2 2 0 0 1 10 14z\"\u001b[39m\n                      \u001b[36m/>\u001b[39m\n                    \u001b[36m</svg>\u001b[39m\n                    \u001b[36m<span\u001b[39m\n                      \u001b[33mstyle\u001b[39m=\u001b[32m\"pointer-events: none;\"\u001b[39m\n                    \u001b[36m>\u001b[39m\n                      \u001b[0mAll roles\u001b[0m\n                    \u001b[36m</span>\u001b[39m\n                    \u001b[36m<svg\u001b[39m\n                      \u001b[33maria-hidden\u001b[39m=\u001b[32m\"true\"\u001b[39m\n                      \u001b[33mclass\u001b[39m=\u001b[32m\"lucide lucide-chevron-down h-4 w-4 opacity-50\"\u001b[39m\n                      \u001b[33mfill\u001b[39m=\u001b[32m\"none\"\u001b[39m\n                      \u001b[33mheight\u001b[39m=\u001b[32m\"24\"\u001b[39m\n                      \u001b[33mstroke\u001b[39m=\u001b[32m\"currentColor\"\u001b[39m\n                      \u001b[33mstroke-linecap\u001b[39m=\u001b[32m\"round\"\u001b[39m\n                      \u001b[33mstroke-linejoin\u001b[39m=\u001b[32m\"round\"\u001b[39m\n                      \u001b[33mstroke-width\u001b[39m=\u001b[32m\"2\"\u001b[39m\n                      \u001b[33mviewBox\u001b[39m=\u001b[32m\"0 0 24 24\"\u001b[39m\n                      \u001b[33mwidth\u001b[39m=\u001b[32m\"24\"\u001b[39m\n                      \u001b[33mxmlns\u001b[39m=\u001b[32m\"http://www.w3.org/2000/svg\"\u001b[39m\n                    \u001b[36m>\u001b[39m\n                      \u001b[36m<path\u001b[39m\n                        \u001b[33md\u001b[39m=\u001b[32m\"m6 9 6 6 6-6\"\u001b[39m\n                      \u001b[36m/>\u001b[39m\n                    \u001b[36m</svg>\u001b[39m\n                  \u001b[36m</button>\u001b[39m\n                  \u001b[36m<button\u001b[39m\n                    \u001b[33maria-autocomplete\u001b[39m=\u001b[32m\"none\"\u001b[39m\n                    \u001b[33maria-controls\u001b[39m=\u001b[32m\"radix-:rmh:\"\u001b[39m\n                    \u001b[33maria-expanded\u001b[39m=\u001b[32m\"false\"\u001b[39m\n                    \u001b[33maria-label\u001b[39m=\u001b[32m\"Filter by status\"\u001b[39m\n                    \u001b[33mclass\u001b[39m=\u001b[32m\"flex h-9 items-center justify-between whitesp...\n    at Proxy.expectWrapper (file:///Users/jayakin/zen-support/node_modules/@vitest/expect/dist/index.js:1745:12)\n    at Proxy.<anonymous> (file:///Users/jayakin/zen-support/node_modules/@vitest/expect/dist/index.js:1029:14)\n    at Proxy.methodWrapper (file:///Users/jayakin/zen-support/node_modules/chai/index.js:1686:25)\n    at /Users/jayakin/zen-support/packages/web/src/components/settings/UserManagement.test.tsx:863:50\n    at runWithExpensiveErrorDiagnosticsDisabled (/Users/jayakin/zen-support/node_modules/@testing-library/dom/dist/config.js:47:12)\n    at checkCallback (/Users/jayakin/zen-support/node_modules/@testing-library/dom/dist/wait-for.js:124:77)\n    at Timeout.checkRealTimersCallback (/Users/jayakin/zen-support/node_modules/@testing-library/dom/dist/wait-for.js:118:16)\n    at listOnTimeout (node:internal/timers:608:17)\n    at processTimers (node:internal/timers:543:7)"],"meta":{}}],"startTime":1757647115317,"endTime":1757647132145.336,"status":"failed","message":"","name":"/Users/jayakin/zen-support/packages/web/src/components/settings/UserManagement.test.tsx"},{"assertionResults":[{"ancestorTitles":["WebSocketClient","Connection Management"],"fullName":"WebSocketClient Connection Management should connect to WebSocket server","status":"passed","title":"should connect to WebSocket server","duration":2.3764580000000137,"failureMessages":[],"meta":{}},{"ancestorTitles":["WebSocketClient","Connection Management"],"fullName":"WebSocketClient Connection Management should auto-connect if enabled","status":"passed","title":"should auto-connect if enabled","duration":0.8539590000000317,"failureMessages":[],"meta":{}},{"ancestorTitles":["WebSocketClient","Connection Management"],"fullName":"WebSocketClient Connection Management should disconnect from server","status":"passed","title":"should disconnect from server","duration":0.44762500000001637,"failureMessages":[],"meta":{}},{"ancestorTitles":["WebSocketClient","Connection Management"],"fullName":"WebSocketClient Connection Management should handle connection errors","status":"passed","title":"should handle connection errors","duration":0.2862079999999878,"failureMessages":[],"meta":{}},{"ancestorTitles":["WebSocketClient","Reconnection Logic"],"fullName":"WebSocketClient Reconnection Logic should reconnect with exponential backoff","status":"passed","title":"should reconnect with exponential backoff","duration":0.63737500000002,"failureMessages":[],"meta":{}},{"ancestorTitles":["WebSocketClient","Reconnection Logic"],"fullName":"WebSocketClient Reconnection Logic should respect max reconnect attempts","status":"passed","title":"should respect max reconnect attempts","duration":0.35216700000000856,"failureMessages":[],"meta":{}},{"ancestorTitles":["WebSocketClient","Reconnection Logic"],"fullName":"WebSocketClient Reconnection Logic should reset reconnect attempts on successful connection","status":"passed","title":"should reset reconnect attempts on successful connection","duration":0.3129999999999882,"failureMessages":[],"meta":{}},{"ancestorTitles":["WebSocketClient","Reconnection Logic"],"fullName":"WebSocketClient Reconnection Logic should not reconnect if disabled","status":"passed","title":"should not reconnect if disabled","duration":0.22683399999999665,"failureMessages":[],"meta":{}},{"ancestorTitles":["WebSocketClient","Heartbeat/Ping-Pong"],"fullName":"WebSocketClient Heartbeat/Ping-Pong should send periodic heartbeats","status":"passed","title":"should send periodic heartbeats","duration":0.463374999999985,"failureMessages":[],"meta":{}},{"ancestorTitles":["WebSocketClient","Heartbeat/Ping-Pong"],"fullName":"WebSocketClient Heartbeat/Ping-Pong should handle pong responses","status":"passed","title":"should handle pong responses","duration":0.39637500000003456,"failureMessages":[],"meta":{}},{"ancestorTitles":["WebSocketClient","Heartbeat/Ping-Pong"],"fullName":"WebSocketClient Heartbeat/Ping-Pong should disconnect if pong not received","status":"passed","title":"should disconnect if pong not received","duration":0.9048750000000041,"failureMessages":[],"meta":{}},{"ancestorTitles":["WebSocketClient","Message Handling"],"fullName":"WebSocketClient Message Handling should send messages when connected","status":"passed","title":"should send messages when connected","duration":0.29166699999996126,"failureMessages":[],"meta":{}},{"ancestorTitles":["WebSocketClient","Message Handling"],"fullName":"WebSocketClient Message Handling should queue messages when disconnected","status":"passed","title":"should queue messages when disconnected","duration":0.34300000000001774,"failureMessages":[],"meta":{}},{"ancestorTitles":["WebSocketClient","Message Handling"],"fullName":"WebSocketClient Message Handling should respect max queue size","status":"passed","title":"should respect max queue size","duration":0.5782080000000178,"failureMessages":[],"meta":{}},{"ancestorTitles":["WebSocketClient","Message Handling"],"fullName":"WebSocketClient Message Handling should receive and parse messages","status":"passed","title":"should receive and parse messages","duration":0.5471670000000017,"failureMessages":[],"meta":{}},{"ancestorTitles":["WebSocketClient","Message Handling"],"fullName":"WebSocketClient Message Handling should handle malformed messages","status":"passed","title":"should handle malformed messages","duration":0.36558400000001257,"failureMessages":[],"meta":{}},{"ancestorTitles":["WebSocketClient","Channel Subscription"],"fullName":"WebSocketClient Channel Subscription should subscribe to channels","status":"passed","title":"should subscribe to channels","duration":0.28350000000000364,"failureMessages":[],"meta":{}},{"ancestorTitles":["WebSocketClient","Channel Subscription"],"fullName":"WebSocketClient Channel Subscription should unsubscribe from channels","status":"passed","title":"should unsubscribe from channels","duration":0.286042000000009,"failureMessages":[],"meta":{}},{"ancestorTitles":["WebSocketClient","Channel Subscription"],"fullName":"WebSocketClient Channel Subscription should emit channel-specific events","status":"passed","title":"should emit channel-specific events","duration":0.2969580000000178,"failureMessages":[],"meta":{}},{"ancestorTitles":["WebSocketClient","Channel Subscription"],"fullName":"WebSocketClient Channel Subscription should resubscribe to channels on reconnect","status":"passed","title":"should resubscribe to channels on reconnect","duration":0.342708000000016,"failureMessages":[],"meta":{}},{"ancestorTitles":["WebSocketClient","Authentication"],"fullName":"WebSocketClient Authentication should send auth token on connection","status":"passed","title":"should send auth token on connection","duration":0.2743330000000128,"failureMessages":[],"meta":{}},{"ancestorTitles":["WebSocketClient","Authentication"],"fullName":"WebSocketClient Authentication should handle auth failures","status":"passed","title":"should handle auth failures","duration":0.36720900000000256,"failureMessages":[],"meta":{}},{"ancestorTitles":["WebSocketClient","Authentication"],"fullName":"WebSocketClient Authentication should refresh auth token","status":"passed","title":"should refresh auth token","duration":0.8261249999999905,"failureMessages":[],"meta":{}},{"ancestorTitles":["WebSocketClient","Binary Data Support"],"fullName":"WebSocketClient Binary Data Support should handle binary messages","status":"passed","title":"should handle binary messages","duration":0.2976250000000391,"failureMessages":[],"meta":{}},{"ancestorTitles":["WebSocketClient","Binary Data Support"],"fullName":"WebSocketClient Binary Data Support should send binary data","status":"passed","title":"should send binary data","duration":0.2534999999999741,"failureMessages":[],"meta":{}},{"ancestorTitles":["WebSocketClient","Connection State"],"fullName":"WebSocketClient Connection State should track connection state","status":"passed","title":"should track connection state","duration":0.37975000000000136,"failureMessages":[],"meta":{}},{"ancestorTitles":["WebSocketClient","Connection State"],"fullName":"WebSocketClient Connection State should emit state change events","status":"passed","title":"should emit state change events","duration":0.3085839999999962,"failureMessages":[],"meta":{}},{"ancestorTitles":["WebSocketClient","Metrics and Monitoring"],"fullName":"WebSocketClient Metrics and Monitoring should track message metrics","status":"passed","title":"should track message metrics","duration":0.26920800000004874,"failureMessages":[],"meta":{}},{"ancestorTitles":["WebSocketClient","Metrics and Monitoring"],"fullName":"WebSocketClient Metrics and Monitoring should track latency","status":"passed","title":"should track latency","duration":0.28233299999999417,"failureMessages":[],"meta":{}}],"startTime":1757647116939,"endTime":1757647116953.3086,"status":"passed","message":"","name":"/Users/jayakin/zen-support/packages/web/src/lib/__tests__/websocket-client.test.ts"}]}