{"total": {"lines":{"total":733,"covered":97,"skipped":0,"pct":13.23},"statements":{"total":733,"covered":97,"skipped":0,"pct":13.23},"functions":{"total":58,"covered":9,"skipped":0,"pct":15.51},"branches":{"total":21,"covered":10,"skipped":0,"pct":47.61},"branchesTrue":{"total":0,"covered":0,"skipped":0,"pct":100}}
,"/Users/jayakin/zen-support/packages/api/src/index.ts": {"lines":{"total":10,"covered":0,"skipped":0,"pct":0},"functions":{"total":1,"covered":1,"skipped":0,"pct":100},"statements":{"total":10,"covered":0,"skipped":0,"pct":0},"branches":{"total":1,"covered":1,"skipped":0,"pct":100}}
,"/Users/jayakin/zen-support/packages/api/test/setup.ts": {"lines":{"total":37,"covered":0,"skipped":0,"pct":0},"functions":{"total":1,"covered":0,"skipped":0,"pct":0},"statements":{"total":37,"covered":0,"skipped":0,"pct":0},"branches":{"total":1,"covered":0,"skipped":0,"pct":0}}
,"/Users/jayakin/zen-support/packages/device-agent/src/index.ts": {"lines":{"total":22,"covered":0,"skipped":0,"pct":0},"functions":{"total":1,"covered":1,"skipped":0,"pct":100},"statements":{"total":22,"covered":0,"skipped":0,"pct":0},"branches":{"total":1,"covered":1,"skipped":0,"pct":100}}
,"/Users/jayakin/zen-support/packages/device-agent/test/setup.ts": {"lines":{"total":11,"covered":0,"skipped":0,"pct":0},"functions":{"total":1,"covered":0,"skipped":0,"pct":0},"statements":{"total":11,"covered":0,"skipped":0,"pct":0},"branches":{"total":1,"covered":0,"skipped":0,"pct":0}}
,"/Users/jayakin/zen-support/packages/shared/src/index.ts": {"lines":{"total":32,"covered":0,"skipped":0,"pct":0},"functions":{"total":1,"covered":1,"skipped":0,"pct":100},"statements":{"total":32,"covered":0,"skipped":0,"pct":0},"branches":{"total":1,"covered":1,"skipped":0,"pct":100}}
,"/Users/jayakin/zen-support/packages/shared/src/lib/supabase.ts": {"lines":{"total":244,"covered":72,"skipped":0,"pct":29.5},"functions":{"total":27,"covered":3,"skipped":0,"pct":11.11},"statements":{"total":244,"covered":72,"skipped":0,"pct":29.5},"branches":{"total":10,"covered":4,"skipped":0,"pct":40}}
,"/Users/jayakin/zen-support/packages/shared/src/types/database.types.ts": {"lines":{"total":0,"covered":0,"skipped":0,"pct":100},"functions":{"total":1,"covered":1,"skipped":0,"pct":100},"statements":{"total":0,"covered":0,"skipped":0,"pct":100},"branches":{"total":1,"covered":1,"skipped":0,"pct":100}}
,"/Users/jayakin/zen-support/packages/shared/src/utils/https-server.ts": {"lines":{"total":127,"covered":0,"skipped":0,"pct":0},"functions":{"total":1,"covered":1,"skipped":0,"pct":100},"statements":{"total":127,"covered":0,"skipped":0,"pct":0},"branches":{"total":1,"covered":1,"skipped":0,"pct":100}}
,"/Users/jayakin/zen-support/packages/shared/src/utils/redis-client.ts": {"lines":{"total":183,"covered":25,"skipped":0,"pct":13.66},"functions":{"total":21,"covered":0,"skipped":0,"pct":0},"statements":{"total":183,"covered":25,"skipped":0,"pct":13.66},"branches":{"total":1,"covered":0,"skipped":0,"pct":0}}
,"/Users/jayakin/zen-support/packages/shared/test/setup.ts": {"lines":{"total":5,"covered":0,"skipped":0,"pct":0},"functions":{"total":1,"covered":0,"skipped":0,"pct":0},"statements":{"total":5,"covered":0,"skipped":0,"pct":0},"branches":{"total":1,"covered":0,"skipped":0,"pct":0}}
,"/Users/jayakin/zen-support/packages/web/src/lib/constants.ts": {"lines":{"total":20,"covered":0,"skipped":0,"pct":0},"functions":{"total":1,"covered":1,"skipped":0,"pct":100},"statements":{"total":20,"covered":0,"skipped":0,"pct":0},"branches":{"total":1,"covered":1,"skipped":0,"pct":100}}
,"/Users/jayakin/zen-support/packages/web/test/setup.ts": {"lines":{"total":42,"covered":0,"skipped":0,"pct":0},"functions":{"total":1,"covered":0,"skipped":0,"pct":0},"statements":{"total":42,"covered":0,"skipped":0,"pct":0},"branches":{"total":1,"covered":0,"skipped":0,"pct":0}}
}
